PRT1
183
453
844
4 0 78 0 (0 320 640 ) (0 504 640 ) (0 504 440 ) (0 320 440 ) 
4 0 1 0 (328 320 440 ) (328 320 640 ) (0 320 640 ) (0 320 440 ) 
4 1 79 0 (0 0 432 ) (0 0 440 ) (0 320 440 ) (0 320 432 ) 
4 1 78 0 (0 0 440 ) (0 0 640 ) (0 320 640 ) (0 320 440 ) 
4 1 55 0 (0 0 640 ) (0 0 432 ) (328 0 432 ) (328 0 640 ) 
4 1 4 0 (320 0 432 ) (0 0 432 ) (0 320 432 ) (320 320 432 ) 
4 2 81 0 (0 328 432 ) (0 496 432 ) (0 496 328 ) (0 328 328 ) 
4 2 3 0 (256 328 328 ) (320 328 328 ) (320 328 408 ) (256 328 408 ) 
4 3 4 0 (256 320 328 ) (320 320 328 ) (320 320 408 ) (256 320 408 ) 
4 4 82 0 (0 0 328 ) (0 0 432 ) (0 320 432 ) (0 320 328 ) 
4 4 56 0 (0 0 432 ) (0 0 328 ) (320 0 328 ) (320 0 432 ) 
4 4 6 0 (64 16 328 ) (64 64 328 ) (192 64 328 ) (192 16 328 ) 
4 4 5 0 (0 64 328 ) (0 192 328 ) (192 192 328 ) (192 64 328 ) 
4 5 90 0 (0 64 328 ) (0 192 328 ) (0 192 320 ) (0 64 320 ) 
4 5 42 0 (0 64 320 ) (0 192 320 ) (40 192 320 ) (40 64 320 ) 
4 5 41 0 (40 192 320 ) (144 192 320 ) (144 64 320 ) (40 64 320 ) 
4 5 35 0 (144 192 320 ) (152 192 320 ) (152 168 320 ) (144 168 320 ) 
4 5 25 0 (152 192 320 ) (192 192 320 ) (192 168 320 ) (152 168 320 ) 
4 5 40 0 (192 168 320 ) (192 64 320 ) (144 64 320 ) (144 168 320 ) 
4 5 6 0 (64 64 320 ) (192 64 320 ) (192 64 328 ) (64 64 328 ) 
4 6 49 0 (64 16 320 ) (64 64 320 ) (192 64 320 ) (192 16 320 ) 
4 7 15 0 (472 440 320 ) (200 440 320 ) (200 440 64 ) (472 440 64 ) 
4 7 9 0 (200 496 120 ) (200 496 72 ) (200 440 72 ) (200 440 120 ) 
4 7 8 0 (200 496 320 ) (200 496 120 ) (200 440 120 ) (200 440 320 ) 
4 8 95 0 (0 440 120 ) (0 440 160 ) (0 496 160 ) (0 496 120 ) 
4 8 94 0 (0 440 160 ) (0 440 168 ) (0 496 168 ) (0 496 160 ) 
4 8 92 0 (0 440 168 ) (0 440 320 ) (0 496 320 ) (0 496 168 ) 
4 8 17 0 (0 440 160 ) (0 440 120 ) (200 440 120 ) (200 440 160 ) 
4 8 16 0 (200 440 320 ) (0 440 320 ) (0 440 176 ) (200 440 176 ) 
4 8 10 0 (8 496 120 ) (168 496 120 ) (168 440 120 ) (8 440 120 ) 
4 8 9 0 (168 496 120 ) (200 496 120 ) (200 440 120 ) (168 440 120 ) 
4 9 17 0 (168 440 72 ) (200 440 72 ) (200 440 120 ) (168 440 120 ) 
4 9 11 0 (168 440 80 ) (168 440 112 ) (168 496 112 ) (168 496 80 ) 
4 9 10 0 (168 440 112 ) (168 440 120 ) (168 496 120 ) (168 496 112 ) 
4 10 17 0 (168 440 112 ) (168 440 120 ) (8 440 120 ) (8 440 112 ) 
4 10 12 0 (40 496 112 ) (136 496 112 ) (136 440 112 ) (40 440 112 ) 
4 10 11 0 (136 496 112 ) (168 496 112 ) (168 440 112 ) (136 440 112 ) 
4 11 17 0 (168 440 80 ) (168 440 112 ) (136 440 112 ) (136 440 80 ) 
4 11 13 0 (136 440 88 ) (136 440 104 ) (136 496 104 ) (136 496 88 ) 
4 11 12 0 (136 440 104 ) (136 440 112 ) (136 496 112 ) (136 496 104 ) 
4 12 17 0 (136 440 112 ) (40 440 112 ) (40 440 104 ) (136 440 104 ) 
4 12 14 0 (72 496 104 ) (104 496 104 ) (104 440 104 ) (72 440 104 ) 
4 12 13 0 (104 496 104 ) (136 496 104 ) (136 440 104 ) (104 440 104 ) 
4 13 17 0 (104 440 88 ) (136 440 88 ) (136 440 104 ) (104 440 104 ) 
4 13 14 0 (104 440 96 ) (104 440 104 ) (104 496 104 ) (104 496 96 ) 
4 14 17 0 (104 440 96 ) (104 440 104 ) (72 440 104 ) (72 440 96 ) 
4 15 21 0 (368 328 64 ) (408 328 64 ) (408 328 144 ) (368 328 144 ) 
4 15 18 0 (200 432 64 ) (200 424 64 ) (200 424 160 ) (200 432 160 ) 
4 15 19 0 (200 424 64 ) (200 328 64 ) (200 328 160 ) (200 424 160 ) 
4 15 17 0 (200 440 160 ) (200 440 64 ) (200 432 64 ) (200 432 160 ) 
4 15 16 0 (200 440 320 ) (200 440 176 ) (200 328 176 ) (200 328 320 ) 
4 16 101 0 (0 328 320 ) (0 440 320 ) (0 440 176 ) (0 328 176 ) 
4 17 102 0 (0 440 160 ) (0 440 64 ) (0 432 64 ) (0 432 160 ) 
4 17 18 0 (192 432 64 ) (200 432 64 ) (200 432 160 ) (192 432 160 ) 
4 17 20 0 (0 432 64 ) (184 432 64 ) (184 432 160 ) (0 432 160 ) 
4 18 19 0 (192 424 64 ) (200 424 64 ) (200 424 160 ) (192 424 160 ) 
4 19 20 0 (184 424 64 ) (184 328 64 ) (184 328 160 ) (184 424 160 ) 
4 20 102 0 (0 432 64 ) (0 384 64 ) (0 384 160 ) (0 432 160 ) 
4 20 103 0 (0 384 64 ) (0 328 64 ) (0 328 160 ) (0 384 160 ) 
4 21 22 0 (368 320 64 ) (408 320 64 ) (408 320 144 ) (368 320 144 ) 
4 22 47 0 (472 64 320 ) (328 64 320 ) (328 64 184 ) (472 64 184 ) 
4 22 48 0 (328 64 184 ) (328 64 64 ) (472 64 64 ) (472 64 184 ) 
4 23 49 0 (320 64 320 ) (200 64 320 ) (200 64 64 ) (320 64 64 ) 
4 23 46 0 (256 64 64 ) (200 64 64 ) (200 128 64 ) (256 128 64 ) 
4 23 29 0 (200 232 67.750000 ) (200 232 128 ) (200 240 128 ) (200 240 67.750000 ) 
4 23 26 0 (200 240 64 ) (200 232 64 ) (200 232 67.750000 ) (200 240 67.750000 ) 
4 23 31 0 (200 232 64 ) (200 176 64 ) (200 176 128 ) (200 232 128 ) 
4 23 25 0 (200 168 136 ) (200 168 320 ) (200 240 320 ) (200 240 136 ) 
4 23 24 0 (200 320 320 ) (200 320 64 ) (200 240 64 ) (200 240 320 ) 
4 23 40 0 (200 168 64 ) (200 64 64 ) (200 64 320 ) (200 168 320 ) 
4 24 41 0 (144 320 320 ) (144 320 64 ) (144 240 64 ) (144 240 320 ) 
4 24 35 0 (144 240 320 ) (144 240 136 ) (152 240 136 ) (152 240 320 ) 
4 24 30 0 (152 240 64 ) (160 240 64 ) (160 240 128 ) (152 240 128 ) 
5 24 29 0 (192.669174 240 65.917297 ) (200 240 67.750000 ) (200 240 128 ) (175 240 128 ) (174.669174 240 127.917297 ) 
3 24 28 0 (175 240 128 ) (168 240 128 ) (168 240 126.250000 ) 
3 24 27 0 (168 240 64 ) (185 240 64 ) (168 240 122.555527 ) 
3 24 26 0 (185 240 64 ) (200 240 64 ) (200 240 67.750000 ) 
4 24 25 0 (200 240 136 ) (200 240 320 ) (152 240 320 ) (152 240 136 ) 
4 25 35 0 (152 240 320 ) (152 240 136 ) (152 168 136 ) (152 168 320 ) 
4 25 40 0 (200 168 136 ) (200 168 320 ) (152 168 320 ) (152 168 136 ) 
4 26 29 0 (192.668915 232 65.918205 ) (200 232 67.750977 ) (200 240 67.750977 ) (192.668915 240 65.918205 ) 
3 26 31 0 (200 232 64 ) (200 232 67.750000 ) (185 232 64 ) 
3 27 31 0 (168 232 122.555527 ) (168 232 64 ) (185 232 64 ) 
4 28 29 0 (175 232 128 ) (174.669174 232 127.917297 ) (174.669174 240 127.917297 ) (175 240 128 ) 
3 28 31 0 (175 232 128 ) (168 232 128 ) (168 232 126.250000 ) 
5 29 31 0 (200 232 67.750000 ) (200 232 128 ) (175 232 128 ) (174.669174 232 127.917297 ) (192.669174 232 65.917297 ) 
4 30 31 0 (160 232 128 ) (152 232 128 ) (152 232 64 ) (160 232 64 ) 
4 31 38 0 (152 200 64 ) (152 192 64 ) (152 192 128 ) (152 200 128 ) 
4 31 37 0 (152 216 64 ) (152 208 64 ) (152 208 128 ) (152 216 128 ) 
4 31 39 0 (152 184 64 ) (152 176 64 ) (152 176 128 ) (152 184 128 ) 
4 31 36 0 (152 232 64 ) (152 224 64 ) (152 224 128 ) (152 232 128 ) 
4 31 34 0 (160 176 128 ) (152 176 128 ) (152 176 64 ) (160 176 64 ) 
4 31 32 0 (192 176 128 ) (184 176 128 ) (184 176 64 ) (192 176 64 ) 
4 31 33 0 (176 176 128 ) (168 176 128 ) (168 176 64 ) (176 176 64 ) 
4 32 40 0 (184 168 64 ) (192 168 64 ) (192 168 128 ) (184 168 128 ) 
4 33 40 0 (168 168 64 ) (176 168 64 ) (176 168 128 ) (168 168 128 ) 
4 34 40 0 (152 168 64 ) (160 168 64 ) (160 168 128 ) (152 168 128 ) 
4 35 41 0 (144 168 136 ) (144 168 320 ) (144 240 320 ) (144 240 136 ) 
4 35 40 0 (144 168 320 ) (144 168 136 ) (152 168 136 ) (152 168 320 ) 
4 36 41 0 (144 232 64 ) (144 224 64 ) (144 224 128 ) (144 232 128 ) 
4 37 41 0 (144 216 64 ) (144 208 64 ) (144 208 128 ) (144 216 128 ) 
4 38 41 0 (144 200 64 ) (144 192 64 ) (144 192 128 ) (144 200 128 ) 
4 39 41 0 (144 184 64 ) (144 176 64 ) (144 176 128 ) (144 184 128 ) 
4 40 49 0 (200 64 320 ) (144 64 320 ) (144 64 64 ) (200 64 64 ) 
4 40 46 0 (200 64 64 ) (144 64 64 ) (144 128 64 ) (200 128 64 ) 
4 40 41 0 (144 168 64 ) (144 64 64 ) (144 64 320 ) (144 168 320 ) 
4 41 51 0 (56 64 320 ) (40 64 320 ) (40 64 136 ) (56 64 136 ) 
4 41 49 0 (144 64 320 ) (64 64 320 ) (64 64 64 ) (144 64 64 ) 
4 41 45 0 (40 128 64 ) (40 256 64 ) (120 256 64 ) (120 128 64 ) 
4 41 46 0 (144 64 64 ) (40 64 64 ) (40 128 64 ) (144 128 64 ) 
4 41 43 0 (40 320 176 ) (40 320 64 ) (40 317 64 ) (40 317 176 ) 
4 41 44 0 (40 317 64 ) (40 64 64 ) (40 64 256 ) (40 317 256 ) 
4 41 42 0 (40 320 320 ) (40 320 256 ) (40 64 256 ) (40 64 320 ) 
4 42 105 0 (0 64 320 ) (0 320 320 ) (0 320 256 ) (0 64 256 ) 
4 42 51 0 (40 64 320 ) (0 64 320 ) (0 64 256 ) (40 64 256 ) 
4 42 44 0 (40 317 256 ) (40 64 256 ) (0 64 256 ) (0 317 256 ) 
4 43 106 0 (0 320 176 ) (0 320 64 ) (0 317 64 ) (0 317 176 ) 
4 43 44 0 (0 317 64 ) (40 317 64 ) (40 317 176 ) (0 317 176 ) 
4 44 107 0 (0 317 64 ) (0 64 64 ) (0 64 256 ) (0 317 256 ) 
4 44 51 0 (0 64 256 ) (0 64 136 ) (40 64 136 ) (40 64 256 ) 
4 44 45 0 (0 128 64 ) (0 256 64 ) (40 256 64 ) (40 128 64 ) 
4 44 46 0 (40 64 64 ) (0 64 64 ) (0 128 64 ) (40 128 64 ) 
4 45 135 0 (0 256 8 ) (0 128 8 ) (0 128 64 ) (0 256 64 ) 
4 45 46 0 (0 128 8 ) (120 128 8 ) (120 128 64 ) (0 128 64 ) 
4 46 136 0 (0 128 8 ) (0 64 8 ) (0 64 64 ) (0 128 64 ) 
4 46 50 0 (64 64 8 ) (256 64 8 ) (256 64 64 ) (64 64 64 ) 
4 47 61 0 (472 0 320 ) (328 0 320 ) (328 0 184 ) (472 0 184 ) 
4 47 48 0 (328 64 184 ) (472 64 184 ) (472 0 184 ) (328 0 184 ) 
4 48 62 0 (320 0 184 ) (320 0 64 ) (328 0 64 ) (328 0 184 ) 
4 48 61 0 (328 0 64 ) (472 0 64 ) (472 0 184 ) (328 0 184 ) 
4 48 49 0 (320 64 184 ) (320 64 64 ) (320 0 64 ) (320 0 184 ) 
4 49 63 0 (320 0 320 ) (64 0 320 ) (64 0 64 ) (320 0 64 ) 
4 49 52 0 (64 56 136 ) (64 0 136 ) (64 0 320 ) (64 56 320 ) 
4 49 50 0 (256 0 64 ) (64 0 64 ) (64 64 64 ) (256 64 64 ) 
4 50 64 0 (64 0 8 ) (256 0 8 ) (256 0 64 ) (64 0 64 ) 
4 51 137 0 (0 56 320 ) (0 64 320 ) (0 64 136 ) (0 56 136 ) 
4 51 52 0 (0 56 136 ) (56 56 136 ) (56 56 320 ) (0 56 320 ) 
4 52 138 0 (0 0 136 ) (0 0 320 ) (0 56 320 ) (0 56 136 ) 
4 52 65 0 (56 0 136 ) (64 0 136 ) (64 0 320 ) (56 0 320 ) 
4 52 66 0 (0 0 320 ) (0 0 136 ) (56 0 136 ) (56 0 320 ) 
4 52 53 0 (16 0 136 ) (0 0 136 ) (0 16 136 ) (16 16 136 ) 
4 53 139 0 (0 0 128 ) (0 0 136 ) (0 16 136 ) (0 16 128 ) 
4 53 67 0 (0 0 136 ) (0 0 128 ) (16 0 128 ) (16 0 136 ) 
4 53 54 0 (16 0 128 ) (0 0 128 ) (0 16 128 ) (16 16 128 ) 
4 54 140 0 (0 0 16 ) (0 0 128 ) (0 56 128 ) (0 56 16 ) 
4 54 68 0 (0 0 128 ) (0 0 16 ) (56 0 16 ) (56 0 128 ) 
4 55 149 0 (0 -648 640 ) (0 0 640 ) (0 0 432 ) (0 -648 432 ) 
4 55 58 0 (0 -640 432 ) (0 -328 432 ) (320 -328 432 ) (320 -640 432 ) 
4 55 56 0 (0 -320 432 ) (0 0 432 ) (320 0 432 ) (320 -320 432 ) 
4 56 152 0 (0 -320 432 ) (0 0 432 ) (0 0 328 ) (0 -320 328 ) 
4 56 60 0 (0 -200 328 ) (0 -64 328 ) (192 -64 328 ) (192 -200 328 ) 
4 56 59 0 (192 -16 328 ) (192 -64 328 ) (64 -64 328 ) (64 -16 328 ) 
4 56 57 0 (0 -320 328 ) (40 -320 328 ) (40 -320 408 ) (0 -320 408 ) 
4 57 157 0 (0 -320 408 ) (0 -320 328 ) (0 -328 328 ) (0 -328 408 ) 
4 57 58 0 (0 -328 328 ) (40 -328 328 ) (40 -328 408 ) (0 -328 408 ) 
4 58 158 0 (0 -640 432 ) (0 -328 432 ) (0 -328 328 ) (0 -640 328 ) 
4 59 63 0 (192 -16 320 ) (192 -64 320 ) (64 -64 320 ) (64 -16 320 ) 
4 59 60 0 (64 -64 320 ) (192 -64 320 ) (192 -64 328 ) (64 -64 328 ) 
4 60 160 0 (0 -200 328 ) (0 -64 328 ) (0 -64 320 ) (0 -200 320 ) 
4 60 69 0 (0 -200 320 ) (0 -64 320 ) (192 -64 320 ) (192 -200 320 ) 
4 61 62 0 (328 0 64 ) (328 -64 64 ) (328 -64 184 ) (328 0 184 ) 
4 62 63 0 (320 0 64 ) (320 -64 64 ) (320 -64 184 ) (320 0 184 ) 
4 63 69 0 (320 -64 320 ) (64 -64 320 ) (64 -64 64 ) (320 -64 64 ) 
4 63 65 0 (64 -56 320 ) (64 0 320 ) (64 0 136 ) (64 -56 136 ) 
4 63 64 0 (256 -64 64 ) (64 -64 64 ) (64 0 64 ) (256 0 64 ) 
4 64 76 0 (128 -64 8 ) (256 -64 8 ) (256 -64 64 ) (128 -64 64 ) 
4 64 77 0 (64 -64 64 ) (64 -64 8 ) (128 -64 8 ) (128 -64 64 ) 
4 65 66 0 (56 0 136 ) (56 -56 136 ) (56 -56 320 ) (56 0 320 ) 
4 66 162 0 (0 -64 136 ) (0 -64 320 ) (0 -56 320 ) (0 -56 136 ) 
4 66 161 0 (0 -56 320 ) (0 0 320 ) (0 0 136 ) (0 -56 136 ) 
4 66 69 0 (56 -64 320 ) (0 -64 320 ) (0 -64 136 ) (56 -64 136 ) 
4 66 67 0 (0 0 136 ) (16 0 136 ) (16 -16 136 ) (0 -16 136 ) 
4 67 163 0 (0 -16 136 ) (0 0 136 ) (0 0 128 ) (0 -16 128 ) 
4 67 68 0 (0 0 128 ) (16 0 128 ) (16 -16 128 ) (0 -16 128 ) 
4 68 164 0 (0 -56 128 ) (0 0 128 ) (0 0 16 ) (0 -56 16 ) 
4 69 168 0 (0 -64 256 ) (0 -64 176 ) (0 -200 176 ) (0 -200 256 ) 
4 69 170 0 (0 -64 176 ) (0 -64 64 ) (0 -200 64 ) (0 -200 176 ) 
4 69 167 0 (0 -200 320 ) (0 -64 320 ) (0 -64 256 ) (0 -200 256 ) 
4 69 76 0 (128 -64 64 ) (256 -64 64 ) (256 -128 64 ) (128 -128 64 ) 
4 69 77 0 (0 -200 64 ) (0 -64 64 ) (128 -64 64 ) (128 -200 64 ) 
4 69 74 0 (0 -200 64 ) (40 -200 64 ) (40 -200 256 ) (0 -200 256 ) 
4 69 73 0 (40 -200 256 ) (40 -200 320 ) (0 -200 320 ) (0 -200 256 ) 
4 69 70 0 (208 -200 64 ) (320 -200 64 ) (320 -200 320 ) (208 -200 320 ) 
4 69 71 0 (40 -200 64 ) (192 -200 64 ) (192 -200 320 ) (40 -200 320 ) 
4 70 72 0 (208 -216 64 ) (320 -216 64 ) (320 -216 320 ) (208 -216 320 ) 
4 71 77 0 (40 -200 64 ) (128 -200 64 ) (128 -216 64 ) (40 -216 64 ) 
4 71 74 0 (40 -200 256 ) (40 -200 64 ) (40 -216 64 ) (40 -216 256 ) 
4 71 73 0 (40 -200 320 ) (40 -200 256 ) (40 -216 256 ) (40 -216 320 ) 
4 71 72 0 (40 -216 320 ) (40 -216 64 ) (192 -216 64 ) (192 -216 320 ) 
4 72 77 0 (40 -256 64 ) (40 -216 64 ) (128 -216 64 ) (128 -256 64 ) 
4 72 75 0 (40 -319 64 ) (40 -320 64 ) (40 -320 176 ) (40 -319 176 ) 
4 72 74 0 (40 -216 64 ) (40 -319 64 ) (40 -319 256 ) (40 -216 256 ) 
4 72 73 0 (40 -320 256 ) (40 -320 320 ) (40 -216 320 ) (40 -216 256 ) 
4 73 167 0 (0 -320 320 ) (0 -200 320 ) (0 -200 256 ) (0 -320 256 ) 
4 73 74 0 (0 -200 256 ) (40 -200 256 ) (40 -319 256 ) (0 -319 256 ) 
4 74 168 0 (0 -200 256 ) (0 -200 176 ) (0 -319 176 ) (0 -319 256 ) 
4 74 170 0 (0 -200 176 ) (0 -200 64 ) (0 -319 64 ) (0 -319 176 ) 
4 74 77 0 (0 -256 64 ) (0 -200 64 ) (40 -200 64 ) (40 -256 64 ) 
4 74 75 0 (0 -319 64 ) (40 -319 64 ) (40 -319 176 ) (0 -319 176 ) 
4 75 170 0 (0 -319 64 ) (0 -320 64 ) (0 -320 176 ) (0 -319 176 ) 
4 76 77 0 (128 -64 8 ) (128 -128 8 ) (128 -128 64 ) (128 -64 64 ) 
4 77 179 0 (0 -256 64 ) (0 -128 64 ) (0 -128 8 ) (0 -256 8 ) 
4 77 178 0 (0 -128 64 ) (0 -64 64 ) (0 -64 8 ) (0 -128 8 ) 
4 78 150 0 (-456 0 440 ) (-320 0 440 ) (-320 0 640 ) (-456 0 640 ) 
4 78 149 0 (-320 0 440 ) (0 0 440 ) (0 0 640 ) (-320 0 640 ) 
4 78 80 0 (-376 144 440 ) (-376 192 440 ) (-336 192 440 ) (-336 144 440 ) 
4 78 79 0 (0 0 440 ) (-320 0 440 ) (-320 320 440 ) (0 320 440 ) 
4 79 149 0 (-320 0 432 ) (0 0 432 ) (0 0 440 ) (-320 0 440 ) 
4 79 82 0 (0 0 432 ) (-320 0 432 ) (-320 320 432 ) (0 320 432 ) 
4 80 83 0 (-376 144 432 ) (-376 192 432 ) (-336 192 432 ) (-336 144 432 ) 
4 81 86 0 (-392 496 328 ) (-392 328 328 ) (-392 328 408 ) (-392 496 408 ) 
4 81 85 0 (-392 328 408 ) (-392 328 432 ) (-392 496 432 ) (-392 496 408 ) 
4 82 152 0 (-320 0 328 ) (0 0 328 ) (0 0 432 ) (-320 0 432 ) 
4 82 91 0 (-192 16 328 ) (-192 64 328 ) (-64 64 328 ) (-64 16 328 ) 
4 82 90 0 (-192 64 328 ) (-192 192 328 ) (0 192 328 ) (0 64 328 ) 
4 83 87 0 (-392 184 328 ) (-392 136 328 ) (-392 136 408 ) (-392 184 408 ) 
4 84 154 0 (-392 0 328 ) (-328 0 328 ) (-328 0 432 ) (-392 0 432 ) 
4 84 88 0 (-392 96 328 ) (-392 40 328 ) (-392 40 408 ) (-392 96 408 ) 
4 85 89 0 (-400 328 432 ) (-400 496 432 ) (-400 496 408 ) (-400 328 408 ) 
4 85 86 0 (-400 328 408 ) (-400 496 408 ) (-392 496 408 ) (-392 328 408 ) 
4 86 89 0 (-400 496 328 ) (-400 328 328 ) (-400 328 408 ) (-400 496 408 ) 
4 87 89 0 (-400 184 328 ) (-400 136 328 ) (-400 136 408 ) (-400 184 408 ) 
4 88 89 0 (-400 96 328 ) (-400 40 328 ) (-400 40 408 ) (-400 96 408 ) 
4 89 155 0 (-448 0 328 ) (-400 0 328 ) (-400 0 432 ) (-448 0 432 ) 
4 90 109 0 (-192 64 320 ) (-192 192 320 ) (-40 192 320 ) (-40 64 320 ) 
4 90 105 0 (-40 192 320 ) (0 192 320 ) (0 64 320 ) (-40 64 320 ) 
4 90 91 0 (-192 64 328 ) (-192 64 320 ) (-64 64 320 ) (-64 64 328 ) 
4 91 141 0 (-192 16 320 ) (-192 64 320 ) (-64 64 320 ) (-64 16 320 ) 
4 92 101 0 (0 440 176 ) (0 440 320 ) (-216 440 320 ) (-216 440 176 ) 
4 92 94 0 (0 440 168 ) (-184 440 168 ) (-184 496 168 ) (0 496 168 ) 
4 92 93 0 (-216 496 320 ) (-216 496 176 ) (-216 440 176 ) (-216 440 320 ) 
4 93 144 0 (-328 440 176 ) (-328 440 272 ) (-328 496 272 ) (-328 496 176 ) 
4 93 101 0 (-328 440 320 ) (-328 440 176 ) (-216 440 176 ) (-216 440 320 ) 
4 94 97 0 (-56 440 160 ) (-152 440 160 ) (-152 496 160 ) (-56 496 160 ) 
4 94 96 0 (-24 440 160 ) (-56 440 160 ) (-56 496 160 ) (-24 496 160 ) 
4 94 95 0 (0 440 160 ) (-24 440 160 ) (-24 496 160 ) (0 496 160 ) 
4 95 102 0 (0 440 120 ) (0 440 160 ) (-24 440 160 ) (-24 440 120 ) 
4 95 96 0 (-24 440 128 ) (-24 440 160 ) (-24 496 160 ) (-24 496 128 ) 
4 96 102 0 (-24 440 128 ) (-24 440 160 ) (-56 440 160 ) (-56 440 128 ) 
4 96 98 0 (-56 440 136 ) (-56 440 152 ) (-56 496 152 ) (-56 496 136 ) 
4 96 97 0 (-56 440 152 ) (-56 440 160 ) (-56 496 160 ) (-56 496 152 ) 
4 97 102 0 (-56 440 160 ) (-152 440 160 ) (-152 440 152 ) (-56 440 152 ) 
4 97 99 0 (-120 496 152 ) (-88 496 152 ) (-88 440 152 ) (-120 440 152 ) 
4 97 98 0 (-88 496 152 ) (-56 496 152 ) (-56 440 152 ) (-88 440 152 ) 
4 98 102 0 (-88 440 136 ) (-56 440 136 ) (-56 440 152 ) (-88 440 152 ) 
4 98 99 0 (-88 440 144 ) (-88 440 152 ) (-88 496 152 ) (-88 496 144 ) 
4 99 102 0 (-88 440 144 ) (-88 440 152 ) (-120 440 152 ) (-120 440 144 ) 
4 100 104 0 (-328 440 160 ) (-328 440 64 ) (-216 440 64 ) (-216 440 160 ) 
4 102 103 0 (-208 384 64 ) (0 384 64 ) (0 384 160 ) (-208 384 160 ) 
4 103 104 0 (-216 384 64 ) (-216 328 64 ) (-216 328 160 ) (-216 384 160 ) 
4 105 137 0 (0 64 256 ) (0 64 320 ) (-40 64 320 ) (-40 64 256 ) 
4 105 109 0 (-40 240 256 ) (-40 64 256 ) (-40 64 320 ) (-40 240 320 ) 
4 105 108 0 (-40 320 320 ) (-40 320 256 ) (-40 240 256 ) (-40 240 320 ) 
4 105 107 0 (0 64 256 ) (-40 64 256 ) (-40 317 256 ) (0 317 256 ) 
4 106 108 0 (-40 320 176 ) (-40 320 64 ) (-40 317 64 ) (-40 317 176 ) 
4 106 107 0 (-40 317 176 ) (-40 317 64 ) (0 317 64 ) (0 317 176 ) 
4 107 137 0 (0 64 136 ) (0 64 256 ) (-40 64 256 ) (-40 64 136 ) 
4 107 135 0 (-40 128 64 ) (-40 256 64 ) (0 256 64 ) (0 128 64 ) 
4 107 136 0 (0 64 64 ) (-40 64 64 ) (-40 128 64 ) (0 128 64 ) 
4 107 110 0 (-40 240 64 ) (-40 64 64 ) (-40 64 165.717346 ) (-40 240 156.330658 ) 
4 107 109 0 (-40 64 165.717346 ) (-40 64 256 ) (-40 240 256 ) (-40 240 156.330658 ) 
4 107 108 0 (-40 317 64 ) (-40 240 64 ) (-40 240 256 ) (-40 317 256 ) 
4 108 143 0 (-320 240 192 ) (-320 240 312 ) (-320 280 312 ) (-320 280 192 ) 
4 108 135 0 (-40 256 64 ) (-40 240 64 ) (-128 240 64 ) (-128 256 64 ) 
4 108 123 0 (-203.538483 240 64 ) (-191 240 64 ) (-191 240 88 ) (-203.538483 240 88 ) 
4 108 122 0 (-191 240 88 ) (-191 240 96 ) (-203.538483 240 96 ) (-203.538483 240 88 ) 
4 108 118 0 (-176 240 64 ) (-174.800003 240 64 ) (-174.800003 240 96 ) (-176 240 96 ) 
5 108 117 0 (-320 240 84.650665 ) (-320 240 64 ) (-203.538483 240 64 ) (-203.538483 240 96 ) (-275.666656 240 96 ) 
5 108 114 0 (-174.800003 240 97.561447 ) (-174.800003 240 121.821869 ) (-212.729706 240 112.111862 ) (-207.826096 240 96 ) (-180.434784 240 96 ) 
3 108 113 0 (-174.800003 240 96 ) (-174.800003 240 97.561447 ) (-180.434784 240 96 ) 
3 108 112 0 (-212.729706 240 112.111862 ) (-275.666656 240 96 ) (-207.826096 240 96 ) 
4 108 111 0 (-174.800003 240 64 ) (-124.666641 240 64 ) (-124.666641 240 134.656006 ) (-174.800003 240 121.821869 ) 
4 108 110 0 (-124.666641 240 64 ) (-40 240 64 ) (-40 240 156.330658 ) (-124.666641 240 134.656006 ) 
4 108 109 0 (-320 240 320 ) (-320 240 84.650665 ) (-40 240 156.330658 ) (-40 240 320 ) 
4 109 143 0 (-320 64 192 ) (-320 64 312 ) (-320 240 312 ) (-320 240 192 ) 
4 109 142 0 (-320 64 320 ) (-320 64 94.037323 ) (-256 64 110.421326 ) (-256 64 320 ) 
4 109 141 0 (-256 64 110.421326 ) (-64 64 159.573334 ) (-64 64 320 ) (-256 64 320 ) 
4 109 137 0 (-56 64 161.621338 ) (-40 64 165.717331 ) (-40 64 320 ) (-56 64 320 ) 
4 109 120 0 (-286.970245 185.769318 96 ) (-312.339447 64 96 ) (-320 64 94.038902 ) (-320 164.299988 88.689438 ) 
4 109 117 0 (-320 240 84.652008 ) (-275.671936 240 96 ) (-286.970245 185.769318 96 ) (-320 164.299988 88.689438 ) 
5 109 116 0 (-156.332108 224.610092 127.371819 ) (-146 216 130.476059 ) (-159.623581 200.673447 127.805847 ) (-180.903625 204.929459 122.131165 ) (-175.523010 228.448273 122.254234 ) 
3 109 115 0 (-159.623581 200.673447 127.805847 ) (-241.126343 108.982834 111.831398 ) (-218.693100 212.487350 112.053955 ) 
4 109 114 0 (-212.730087 240 112.113113 ) (-174.800003 240 121.823219 ) (-156.332108 224.610092 127.371819 ) (-213.583939 236.060455 112.104645 ) 
5 109 112 0 (-275.671936 240 96 ) (-212.730087 240 112.113113 ) (-241.126343 108.982834 111.831398 ) (-281.111084 64 103.994431 ) (-312.339447 64 96 ) 
3 109 111 0 (-174.800003 240 121.823219 ) (-124.666641 240 134.657364 ) (-146 216 130.476059 ) 
4 109 110 0 (-124.666641 240 134.657364 ) (-40 240 156.332031 ) (-40 64 165.718689 ) (-281.111084 64 103.994431 ) 
4 110 142 0 (-281.111084 64 64 ) (-256 64 64 ) (-256 64 110.421326 ) (-281.111084 64 103.992889 ) 
4 110 141 0 (-256 64 64 ) (-64 64 64 ) (-64 64 159.573334 ) (-256 64 110.421326 ) 
4 110 137 0 (-40 64 136 ) (-40 64 165.717331 ) (-56 64 161.621338 ) (-56 64 136 ) 
5 110 135 0 (-128 236.249969 64 ) (-124.666641 240 64 ) (-40 240 64 ) (-40 128 64 ) (-128 128 64 ) 
5 110 136 0 (-40 64 64 ) (-256 64 64 ) (-256 92.249969 64 ) (-224.222198 128 64 ) (-40 128 64 ) 
4 110 121 0 (-178.524353 179.415527 64 ) (-189.456482 167.116776 64 ) (-189.456497 167.116776 96 ) (-178.524353 179.415527 96 ) 
4 110 120 0 (-189.456482 167.116776 64 ) (-281.115173 64 64 ) (-281.115173 64 96 ) (-189.456497 167.116776 96 ) 
4 110 119 0 (-162.002823 198.002365 64 ) (-178.524353 179.415527 64 ) (-178.524353 179.415527 96 ) (-162.002838 198.002365 96 ) 
4 110 116 0 (-159.627808 200.674271 127.802841 ) (-146.002899 216.002411 130.473358 ) (-146.002899 216.002411 106.987007 ) (-159.734741 200.553970 104.112427 ) 
5 110 115 0 (-241.124115 108.990265 111.829369 ) (-159.627808 200.674271 127.802841 ) (-159.734741 200.553970 104.112427 ) (-198.487717 156.956558 96 ) (-234.746796 116.164803 96 ) 
3 110 113 0 (-146.002899 216.002411 106.987007 ) (-146.002899 216.002411 96 ) (-198.487717 156.956558 96 ) 
4 110 112 0 (-281.115173 64 103.991020 ) (-241.124115 108.990265 111.829369 ) (-234.746796 116.164803 96 ) (-281.115173 64 96 ) 
4 110 111 0 (-146.002899 216.002411 130.473358 ) (-124.671875 240 134.654297 ) (-124.671867 240 64 ) (-146.002899 216.002411 64 ) 
3 111 135 0 (-128 240 64 ) (-124.666641 240 64 ) (-128 236.249969 64 ) 
4 111 118 0 (-158 226 96 ) (-174.800003 240 96 ) (-174.800003 240 64 ) (-158 226 64 ) 
4 111 116 0 (-146 216 106.987953 ) (-146 216 130.484375 ) (-156.332169 224.610138 127.380127 ) (-156.107529 224.422943 103.679665 ) 
4 111 114 0 (-156.332169 224.610138 127.380127 ) (-174.800003 240 121.831573 ) (-174.800003 240 97.561447 ) (-156.107529 224.422943 103.679665 ) 
4 111 113 0 (-146 216 96 ) (-146 216 106.987953 ) (-174.800003 240 97.561447 ) (-174.800003 240 96 ) 
3 112 142 0 (-281.111084 64 96 ) (-281.111084 64 103.992889 ) (-312.333282 64 96 ) 
5 112 128 0 (-225.516479 225.714279 96 ) (-210.655807 235.373718 96 ) (-208.908401 235.021439 96 ) (-214.032272 211.451614 96 ) (-217.122864 212.074661 96 ) 
3 112 126 0 (-214.032272 211.451614 96 ) (-214.738968 208.200836 96 ) (-217.122864 212.074661 96 ) 
3 112 122 0 (-210.655807 235.373718 96 ) (-208.531677 236.754395 96 ) (-208.908401 235.021439 96 ) 
6 112 120 0 (-234.750458 116.147911 96 ) (-281.104156 64 96 ) (-312.335358 64 96 ) (-286.972443 185.767914 96 ) (-225.516479 225.714279 96 ) (-214.738968 208.200836 96 ) 
4 112 117 0 (-286.972443 185.767914 96 ) (-275.676514 240 96 ) (-207.826111 240 96 ) (-208.531677 236.754395 96 ) 
4 112 115 0 (-241.125000 108.976562 111.828125 ) (-234.750000 116.148438 96 ) (-214.032089 211.451584 96 ) (-218.691910 212.487091 112.052055 ) 
4 112 114 0 (-208.908249 235.021423 96 ) (-207.825958 240 96 ) (-212.729248 240 112.111572 ) (-213.583069 236.060272 112.103050 ) 
4 113 130 0 (-186.452530 212.318451 96 ) (-185.652191 216 96 ) (-181.399994 216 96 ) (-181 213 96 ) 
4 113 125 0 (-177 216 96 ) (-177.743454 198.157059 96 ) (-179 198 96 ) (-181.400009 216 96 ) 
5 113 121 0 (-178.524933 179.401627 96 ) (-189.451706 167.109024 96 ) (-194.498001 175.309235 96 ) (-189.860352 196.642456 96 ) (-177.743454 198.157059 96 ) 
3 113 120 0 (-189.451706 167.109024 96 ) (-198.491455 156.939301 96 ) (-194.498001 175.309235 96 ) 
4 113 119 0 (-161.996002 197.996674 96 ) (-178.524933 179.401627 96 ) (-177.497269 204.065582 96 ) (-174 208 96 ) 
4 113 118 0 (-174.808990 240 96 ) (-158.003922 225.995590 96 ) (-177.497269 204.065582 96 ) (-176 240 96 ) 
5 113 116 0 (-146 216 106.988281 ) (-156.111404 224.423721 103.678795 ) (-169.190887 227.037857 99.896797 ) (-174.584274 203.521881 99.818863 ) (-159.730530 200.553131 104.113899 ) 
3 113 115 0 (-187.791229 206.161499 96 ) (-198.489548 156.949234 96 ) (-159.730530 200.553131 104.113899 ) 
4 113 114 0 (-156.111404 224.423721 103.678795 ) (-174.808380 240 97.559235 ) (-180.435043 240 96 ) (-182.667358 229.731339 96 ) 
5 114 122 0 (-208.908401 235.021454 96 ) (-208.531677 236.754410 96 ) (-203.538437 240 96 ) (-191 240 96 ) (-191.354874 231.482712 96 ) 
3 114 117 0 (-208.531677 236.754410 96 ) (-207.826111 240 96 ) (-203.538437 240 96 ) 
4 114 116 0 (-169.190109 227.038803 99.894882 ) (-156.109253 224.424393 103.677185 ) (-156.333832 224.611542 127.369934 ) (-175.521713 228.449036 122.250511 ) 
5 115 126 0 (-214.738968 208.200806 96 ) (-214.032272 211.451614 96 ) (-204.949402 209.620529 96 ) (-203 195 96 ) (-206.357147 194.580353 96 ) 
3 115 121 0 (-189.860352 196.642456 96 ) (-194.498001 175.309235 96 ) (-206.357147 194.580353 96 ) 
4 115 120 0 (-198.491455 156.939301 96 ) (-234.750458 116.147911 96 ) (-214.738968 208.200806 96 ) (-194.498001 175.309235 96 ) 
4 115 116 0 (-159.626633 200.670013 127.803711 ) (-159.733536 200.549744 104.119202 ) (-174.586685 203.518555 99.824326 ) (-180.904068 204.925674 122.129776 ) 
4 117 128 0 (-210.648026 235.372147 96 ) (-225.513565 225.709549 96 ) (-225.513565 225.709549 88 ) (-210.704285 235.335587 88 ) 
4 117 123 0 (-203.528244 240 64 ) (-203.528244 240 88 ) (-205.513565 238.709549 88 ) (-205.513565 238.709549 64 ) 
4 117 122 0 (-203.528244 240 88 ) (-203.528244 240 96 ) (-210.648026 235.372147 96 ) (-210.704285 235.335587 88 ) 
5 117 120 0 (-225.513565 225.709549 96 ) (-286.965393 185.765854 96 ) (-320 164.293365 88.688339 ) (-320 164.293365 64 ) (-225.513565 225.709549 64 ) 
4 118 125 0 (-177.497162 204.065689 96 ) (-177 216 96 ) (-177 216 64 ) (-177.497162 204.065689 64 ) 
4 118 119 0 (-177.492188 204.070312 96 ) (-177.492188 204.070312 64 ) (-174 208 64 ) (-174 208 96 ) 
4 119 125 0 (-177.743332 198.157089 96 ) (-177.497162 204.065689 96 ) (-177.497162 204.065689 64 ) (-177.743332 198.157089 64 ) 
4 119 121 0 (-178.524902 179.398438 64 ) (-178.524902 179.398438 96 ) (-177.743332 198.157089 96 ) (-177.743332 198.157089 64 ) 
5 120 142 0 (-320 64 94.037323 ) (-320 64 64 ) (-281.111084 64 64 ) (-281.111084 64 96 ) (-312.333282 64 96 ) 
3 120 136 0 (-224.222198 128 64 ) (-256 92.249969 64 ) (-256 128 64 ) 
4 120 128 0 (-225.515411 225.713028 88 ) (-225.515411 225.713028 96 ) (-217.122223 212.074539 96 ) (-217.088562 212.019852 88 ) 
4 120 127 0 (-206.356277 194.580460 88 ) (-206.356277 194.580460 64 ) (-214 207 64 ) (-214 207 88 ) 
4 120 126 0 (-217.122223 212.074539 96 ) (-206.356277 194.580460 96 ) (-206.356277 194.580460 88 ) (-217.088562 212.019852 88 ) 
4 120 121 0 (-206.356277 194.580460 96 ) (-189.453659 167.114609 96 ) (-189.453659 167.114609 64 ) (-206.356277 194.580460 64 ) 
4 121 127 0 (-203 195 64 ) (-206.355469 194.580566 64 ) (-206.355469 194.580566 88 ) (-203 195 88 ) 
4 121 126 0 (-206.355469 194.580566 88 ) (-206.355469 194.580566 96 ) (-203 195 96 ) (-203 195 88 ) 
4 121 125 0 (-177.738922 198.157639 96 ) (-177.738922 198.157639 64 ) (-179 198 64 ) (-179 198 96 ) 
4 122 129 0 (-206.875900 234.570862 89 ) (-206.585587 234.506348 88 ) (-191.356827 231.436295 88 ) (-191.355469 231.468872 93.487709 ) 
4 122 128 0 (-208.908157 235.022476 96 ) (-210.654480 235.374527 96 ) (-210.710724 235.337967 88 ) (-206.585587 234.506348 88 ) 
5 122 123 0 (-191.007889 240 88 ) (-191.364746 231.437500 88 ) (-202.408539 233.663895 88 ) (-205.515976 238.713486 88 ) (-203.536057 240 88 ) 
4 123 131 0 (-202.307846 233.500259 64 ) (-191.362762 231.293777 64 ) (-191.356827 231.436295 88 ) (-202.408813 233.664337 88 ) 
4 125 133 0 (-181.399811 216 64 ) (-181 213 64 ) (-181 213 88 ) (-181.399811 216 88 ) 
4 125 130 0 (-181 213 88 ) (-181 213 96 ) (-181.399811 216 96 ) (-181.399811 216 88 ) 
4 126 134 0 (-204.945221 209.589264 91.039917 ) (-204.942734 209.570557 88 ) (-206.279587 209.840057 88 ) (-206.230667 209.846176 90.668243 ) 
4 126 130 0 (-206.230667 209.846176 90.668243 ) (-206.279587 209.840057 88 ) (-211.709854 210.934784 88 ) (-212 211 89 ) 
4 126 128 0 (-217.088654 212.019135 88 ) (-217.122314 212.073822 96 ) (-214.032410 211.450912 96 ) (-211.709854 210.934784 88 ) 
5 126 127 0 (-208.847549 210.349106 88 ) (-204.945312 209.562500 88 ) (-203.003586 195 88 ) (-206.357147 194.580368 88 ) (-214.001526 207 88 ) 
4 127 134 0 (-204.923050 209.422882 64 ) (-206.719604 209.785065 64 ) (-206.279587 209.840057 88 ) (-204.942734 209.570557 88 ) 
4 127 132 0 (-206.719604 209.785065 64 ) (-209.006119 210.246017 64 ) (-208.837372 210.355698 88 ) (-206.279587 209.840057 88 ) 
4 128 130 0 (-212 211 89 ) (-211.710175 210.935577 88 ) (-210.609207 216 88 ) (-210.913605 216 89 ) 
4 128 129 0 (-210.609207 216 88 ) (-206.586304 234.505402 88 ) (-206.876587 234.569916 89 ) (-210.913605 216 89 ) 
4 129 132 0 (-194 220 88 ) (-191.970734 216.702438 88 ) (-192 216 88 ) (-200.153839 216 88 ) 
3 129 131 0 (-202.408508 233.663834 88 ) (-191.356827 231.436111 88 ) (-191.970734 216.702438 88 ) 
4 129 130 0 (-210.906464 216 89.001823 ) (-210.601562 216 88 ) (-192 216 88 ) (-192 216 94.240967 ) 
4 130 134 0 (-206.236145 209.845490 90.666771 ) (-206.285034 209.839386 88 ) (-205 210 88 ) (-205 210 91 ) 
4 130 133 0 (-180.984375 212.998047 88 ) (-192.183411 211.598160 88 ) (-192 216 88 ) (-181.384705 216 88 ) 
5 130 132 0 (-192.183411 211.598160 88 ) (-206.281250 209.835938 88 ) (-208.842621 210.352295 88 ) (-200.153839 216 88 ) (-192 216 88 ) 
4 131 132 0 (-191.976562 216.707031 64 ) (-191.976562 216.707031 88 ) (-194.002151 219.998611 88 ) (-194.002151 219.998611 64 ) 
4 132 134 0 (-206.285034 209.839386 88 ) (-206.725052 209.784378 64 ) (-205 210 64 ) (-205 210 88 ) 
4 132 133 0 (-192 216 88 ) (-192.183105 211.601562 88 ) (-192.183105 211.601562 64 ) (-192 216 64 ) 
4 135 136 0 (-128 128 8 ) (0 128 8 ) (0 128 64 ) (-128 128 64 ) 
4 136 141 0 (-256 64 8 ) (-64 64 8 ) (-64 64 64 ) (-256 64 64 ) 
4 137 138 0 (-56 56 136 ) (0 56 136 ) (0 56 320 ) (-56 56 320 ) 
4 138 161 0 (0 0 136 ) (0 0 320 ) (-64 0 320 ) (-64 0 136 ) 
4 138 141 0 (-64 56 136 ) (-64 0 136 ) (-64 0 320 ) (-64 56 320 ) 
4 138 139 0 (0 0 136 ) (-16 0 136 ) (-16 16 136 ) (0 16 136 ) 
4 139 163 0 (0 0 128 ) (0 0 136 ) (-16 0 136 ) (-16 0 128 ) 
4 139 140 0 (0 0 128 ) (-16 0 128 ) (-16 16 128 ) (0 16 128 ) 
4 140 164 0 (0 0 16 ) (0 0 128 ) (-56 0 128 ) (-56 0 16 ) 
4 141 165 0 (-64 0 320 ) (-256 0 320 ) (-256 0 8 ) (-64 0 8 ) 
4 141 142 0 (-256 64 320 ) (-256 64 64 ) (-256 0 64 ) (-256 0 320 ) 
4 142 166 0 (-256 0 320 ) (-320 0 320 ) (-320 0 64 ) (-256 0 64 ) 
4 142 143 0 (-320 24 312 ) (-320 64 312 ) (-320 64 192 ) (-320 24 192 ) 
4 143 147 0 (-328 24 312 ) (-328 280 312 ) (-328 280 192 ) (-328 24 192 ) 
4 144 145 0 (-344 496 176 ) (-344 440 176 ) (-344 440 272 ) (-344 496 272 ) 
4 145 146 0 (-400 328 176 ) (-344 328 176 ) (-344 328 272 ) (-400 328 272 ) 
4 146 147 0 (-400 320 176 ) (-344 320 176 ) (-344 320 272 ) (-400 320 272 ) 
4 147 148 0 (-448 8 176 ) (-384 8 176 ) (-384 8 256 ) (-448 8 256 ) 
4 149 158 0 (0 -328 432 ) (0 -640 432 ) (-320 -640 432 ) (-320 -328 432 ) 
4 149 152 0 (-320 0 432 ) (0 0 432 ) (0 -320 432 ) (-320 -320 432 ) 
4 149 151 0 (-320 -328 432 ) (-320 -648 432 ) (-320 -648 440 ) (-320 -328 440 ) 
4 149 150 0 (-320 -648 440 ) (-320 -648 640 ) (-320 0 640 ) (-320 0 440 ) 
4 150 151 0 (-320 -328 440 ) (-320 -648 440 ) (-456 -648 440 ) (-456 -328 440 ) 
4 151 158 0 (-320 -328 432 ) (-320 -640 432 ) (-448 -640 432 ) (-448 -328 432 ) 
4 152 160 0 (0 -64 328 ) (0 -200 328 ) (-192 -200 328 ) (-192 -64 328 ) 
4 152 159 0 (-64 -16 328 ) (-64 -64 328 ) (-192 -64 328 ) (-192 -16 328 ) 
4 152 157 0 (-40 -320 328 ) (0 -320 328 ) (0 -320 408 ) (-40 -320 408 ) 
4 152 153 0 (-320 -256 328 ) (-320 -320 328 ) (-320 -320 408 ) (-320 -256 408 ) 
4 153 156 0 (-328 -256 328 ) (-328 -320 328 ) (-328 -320 408 ) (-328 -256 408 ) 
4 155 156 0 (-448 -96 432 ) (-448 -96 328 ) (-400 -96 328 ) (-400 -96 432 ) 
4 157 158 0 (-40 -328 328 ) (0 -328 328 ) (0 -328 408 ) (-40 -328 408 ) 
4 159 165 0 (-64 -16 320 ) (-64 -64 320 ) (-192 -64 320 ) (-192 -16 320 ) 
4 159 160 0 (-192 -64 328 ) (-192 -64 320 ) (-64 -64 320 ) (-64 -64 328 ) 
4 160 167 0 (0 -64 320 ) (0 -200 320 ) (-144 -200 320 ) (-144 -64 320 ) 
4 160 174 0 (-144 -200 320 ) (-192 -200 320 ) (-192 -64 320 ) (-144 -64 320 ) 
4 161 165 0 (-64 -56 320 ) (-64 0 320 ) (-64 0 136 ) (-64 -56 136 ) 
4 161 163 0 (-16 0 136 ) (0 0 136 ) (0 -16 136 ) (-16 -16 136 ) 
4 161 162 0 (-56 -56 136 ) (0 -56 136 ) (0 -56 320 ) (-56 -56 320 ) 
4 162 168 0 (0 -64 176 ) (0 -64 256 ) (-40 -64 256 ) (-40 -64 176 ) 
4 162 169 0 (-40 -64 256 ) (-56 -64 256 ) (-56 -64 176 ) (-40 -64 176 ) 
4 162 170 0 (0 -64 136 ) (0 -64 176 ) (-56 -64 176 ) (-56 -64 136 ) 
4 162 167 0 (0 -64 256 ) (0 -64 320 ) (-56 -64 320 ) (-56 -64 256 ) 
4 163 164 0 (-16 0 128 ) (0 0 128 ) (0 -16 128 ) (-16 -16 128 ) 
4 165 178 0 (-64 -64 8 ) (-64 -64 64 ) (-256 -64 64 ) (-256 -64 8 ) 
4 165 175 0 (-192 -64 320 ) (-208 -64 320 ) (-208 -64 64 ) (-192 -64 64 ) 
4 165 177 0 (-208 -64 320 ) (-256 -64 320 ) (-256 -64 64 ) (-208 -64 64 ) 
4 165 172 0 (-144 -64 100 ) (-144 -64 64 ) (-136 -64 64 ) (-136 -64 100 ) 
4 165 171 0 (-136 -64 256 ) (-144 -64 256 ) (-144 -64 100 ) (-136 -64 100 ) 
4 165 169 0 (-64 -64 176 ) (-64 -64 256 ) (-136 -64 256 ) (-136 -64 176 ) 
4 165 170 0 (-64 -64 64 ) (-64 -64 176 ) (-136 -64 176 ) (-136 -64 64 ) 
4 165 167 0 (-64 -64 256 ) (-64 -64 320 ) (-144 -64 320 ) (-144 -64 256 ) 
4 165 174 0 (-144 -64 320 ) (-192 -64 320 ) (-192 -64 64 ) (-144 -64 64 ) 
4 165 166 0 (-256 -64 64 ) (-256 -64 320 ) (-256 0 320 ) (-256 0 64 ) 
4 166 180 0 (-320 -16 192 ) (-320 -64 192 ) (-320 -64 312 ) (-320 -16 312 ) 
4 166 177 0 (-320 -64 320 ) (-320 -64 64 ) (-256 -64 64 ) (-256 -64 320 ) 
4 167 171 0 (-136 -320 256 ) (-144 -320 256 ) (-144 -64 256 ) (-136 -64 256 ) 
4 167 168 0 (-40 -319 256 ) (-40 -64 256 ) (0 -64 256 ) (0 -319 256 ) 
4 167 169 0 (-40 -320 256 ) (-136 -320 256 ) (-136 -64 256 ) (-40 -64 256 ) 
4 167 174 0 (-144 -64 320 ) (-144 -64 256 ) (-144 -320 256 ) (-144 -320 320 ) 
4 168 169 0 (-40 -64 176 ) (-40 -319 176 ) (-40 -319 256 ) (-40 -64 256 ) 
4 168 170 0 (-40 -319 176 ) (-40 -64 176 ) (0 -64 176 ) (0 -319 176 ) 
4 169 171 0 (-136 -320 176 ) (-136 -320 256 ) (-136 -64 256 ) (-136 -64 176 ) 
4 169 170 0 (-40 -320 176 ) (-136 -320 176 ) (-136 -64 176 ) (-40 -64 176 ) 
4 170 179 0 (0 -128 64 ) (0 -256 64 ) (-128 -256 64 ) (-128 -128 64 ) 
4 170 178 0 (-136 -64 64 ) (0 -64 64 ) (0 -128 64 ) (-136 -128 64 ) 
4 170 172 0 (-136 -64 64 ) (-136 -136 64 ) (-136 -136 100 ) (-136 -64 100 ) 
4 170 173 0 (-136 -240 64 ) (-136 -320 64 ) (-136 -320 100 ) (-136 -240 100 ) 
4 170 171 0 (-136 -320 100 ) (-136 -320 176 ) (-136 -64 176 ) (-136 -64 100 ) 
4 171 172 0 (-144 -136 100 ) (-144 -64 100 ) (-136 -64 100 ) (-136 -136 100 ) 
4 171 173 0 (-144 -320 100 ) (-144 -240 100 ) (-136 -240 100 ) (-136 -320 100 ) 
4 171 174 0 (-144 -64 256 ) (-144 -64 100 ) (-144 -320 100 ) (-144 -320 256 ) 
4 172 178 0 (-144 -64 64 ) (-136 -64 64 ) (-136 -128 64 ) (-144 -128 64 ) 
4 172 174 0 (-144 -64 100 ) (-144 -64 64 ) (-144 -136 64 ) (-144 -136 100 ) 
4 173 174 0 (-144 -240 64 ) (-144 -320 64 ) (-144 -320 100 ) (-144 -240 100 ) 
4 174 178 0 (-192 -64 64 ) (-144 -64 64 ) (-144 -128 64 ) (-192 -128 64 ) 
4 174 176 0 (-192 -216 64 ) (-192 -320 64 ) (-192 -320 320 ) (-192 -216 320 ) 
4 174 175 0 (-192 -64 320 ) (-192 -64 64 ) (-192 -200 64 ) (-192 -200 320 ) 
4 175 178 0 (-208 -64 64 ) (-192 -64 64 ) (-192 -128 64 ) (-208 -128 64 ) 
4 175 177 0 (-208 -64 320 ) (-208 -64 64 ) (-208 -200 64 ) (-208 -200 320 ) 
4 176 177 0 (-208 -216 64 ) (-208 -320 64 ) (-208 -320 320 ) (-208 -216 320 ) 
4 177 180 0 (-320 -64 312 ) (-320 -64 192 ) (-320 -280 192 ) (-320 -280 312 ) 
4 177 178 0 (-256 -64 64 ) (-208 -64 64 ) (-208 -128 64 ) (-256 -128 64 ) 
4 178 179 0 (-128 -128 8 ) (0 -128 8 ) (0 -128 64 ) (-128 -128 64 ) 
4 180 182 0 (-328 -16 192 ) (-328 -280 192 ) (-328 -280 312 ) (-328 -16 312 ) 
4 181 182 0 (-448 -8 176 ) (-384 -8 176 ) (-384 -8 256 ) (-448 -8 256 ) 
4 0 (0 504 440 ) (0 504 640 ) (328 504 640 ) (328 504 440 ) 
4 0 (328 504 440 ) (328 504 640 ) (328 320 640 ) (328 320 440 ) 
4 0 (328 320 640 ) (328 504 640 ) (0 504 640 ) (0 320 640 ) 
4 0 (328 320 440 ) (0 320 440 ) (0 504 440 ) (328 504 440 ) 
4 1 (328 0 432 ) (320 0 432 ) (320 320 432 ) (328 320 432 ) 
4 1 (0 320 440 ) (328 320 440 ) (328 320 432 ) (0 320 432 ) 
4 1 (328 320 640 ) (328 0 640 ) (328 0 432 ) (328 320 432 ) 
4 1 (328 320 640 ) (0 320 640 ) (0 0 640 ) (328 0 640 ) 
4 2 (0 328 328 ) (0 496 328 ) (192 496 328 ) (192 328 328 ) 
4 2 (192 496 328 ) (320 496 328 ) (320 328 328 ) (192 328 328 ) 
4 2 (320 328 408 ) (320 328 432 ) (256 328 432 ) (256 328 408 ) 
4 2 (0 328 328 ) (256 328 328 ) (256 328 432 ) (0 328 432 ) 
4 2 (320 328 432 ) (320 496 432 ) (0 496 432 ) (0 328 432 ) 
4 2 (320 496 432 ) (320 328 432 ) (320 328 328 ) (320 496 328 ) 
4 2 (0 496 432 ) (320 496 432 ) (320 496 328 ) (0 496 328 ) 
4 3 (256 328 328 ) (320 328 328 ) (320 320 328 ) (256 320 328 ) 
4 3 (256 328 408 ) (256 328 328 ) (256 320 328 ) (256 320 408 ) 
4 3 (320 328 408 ) (320 320 408 ) (320 320 328 ) (320 328 328 ) 
4 3 (320 320 408 ) (320 328 408 ) (256 328 408 ) (256 320 408 ) 
4 4 (192 0 328 ) (64 0 328 ) (64 16 328 ) (192 16 328 ) 
4 4 (64 0 328 ) (0 0 328 ) (0 64 328 ) (64 64 328 ) 
4 4 (0 192 328 ) (0 320 328 ) (192 320 328 ) (192 192 328 ) 
4 4 (320 0 328 ) (192 0 328 ) (192 320 328 ) (320 320 328 ) 
4 4 (0 320 432 ) (256 320 432 ) (256 320 328 ) (0 320 328 ) 
4 4 (256 320 408 ) (256 320 432 ) (320 320 432 ) (320 320 408 ) 
4 4 (320 0 432 ) (320 0 328 ) (320 320 328 ) (320 320 432 ) 
4 5 (0 64 320 ) (64 64 320 ) (64 64 328 ) (0 64 328 ) 
4 5 (192 192 328 ) (192 64 328 ) (192 64 320 ) (192 192 320 ) 
4 5 (0 192 328 ) (192 192 328 ) (192 192 320 ) (0 192 320 ) 
4 6 (64 64 328 ) (64 64 320 ) (64 16 320 ) (64 16 328 ) 
4 6 (192 64 328 ) (192 16 328 ) (192 16 320 ) (192 64 320 ) 
4 6 (64 16 328 ) (64 16 320 ) (192 16 320 ) (192 16 328 ) 
4 7 (200 496 72 ) (200 496 64 ) (200 440 64 ) (200 440 72 ) 
4 7 (200 496 320 ) (472 496 320 ) (472 496 64 ) (200 496 64 ) 
4 7 (472 440 64 ) (200 440 64 ) (200 496 64 ) (472 496 64 ) 
4 7 (200 440 320 ) (472 440 320 ) (472 496 320 ) (200 496 320 ) 
4 7 (472 496 320 ) (472 440 320 ) (472 440 64 ) (472 496 64 ) 
4 8 (0 440 176 ) (0 440 160 ) (200 440 160 ) (200 440 176 ) 
4 8 (0 496 120 ) (8 496 120 ) (8 440 120 ) (0 440 120 ) 
4 8 (192 440 320 ) (192 496 320 ) (0 496 320 ) (0 440 320 ) 
4 8 (200 440 320 ) (200 496 320 ) (192 496 320 ) (192 440 320 ) 
4 8 (0 496 120 ) (0 496 320 ) (200 496 320 ) (200 496 120 ) 
4 9 (168 496 72 ) (168 440 72 ) (168 440 80 ) (168 496 80 ) 
4 9 (168 496 72 ) (168 496 120 ) (200 496 120 ) (200 496 72 ) 
4 9 (168 496 72 ) (200 496 72 ) (200 440 72 ) (168 440 72 ) 
4 10 (8 440 112 ) (8 496 112 ) (40 496 112 ) (40 440 112 ) 
4 10 (168 496 112 ) (8 496 112 ) (8 496 120 ) (168 496 120 ) 
4 10 (8 440 112 ) (8 440 120 ) (8 496 120 ) (8 496 112 ) 
4 11 (136 496 80 ) (136 440 80 ) (136 440 88 ) (136 496 88 ) 
4 11 (136 496 112 ) (168 496 112 ) (168 496 80 ) (136 496 80 ) 
4 11 (136 496 80 ) (168 496 80 ) (168 440 80 ) (136 440 80 ) 
4 12 (40 440 104 ) (40 496 104 ) (72 496 104 ) (72 440 104 ) 
4 12 (40 496 104 ) (40 496 112 ) (136 496 112 ) (136 496 104 ) 
4 12 (40 440 104 ) (40 440 112 ) (40 496 112 ) (40 496 104 ) 
4 13 (104 496 88 ) (104 440 88 ) (104 440 96 ) (104 496 96 ) 
4 13 (104 496 88 ) (104 496 104 ) (136 496 104 ) (136 496 88 ) 
4 13 (104 496 88 ) (136 496 88 ) (136 440 88 ) (104 440 88 ) 
4 14 (104 496 96 ) (72 496 96 ) (72 496 104 ) (104 496 104 ) 
4 14 (72 440 96 ) (72 440 104 ) (72 496 104 ) (72 496 96 ) 
4 14 (72 440 96 ) (72 496 96 ) (104 496 96 ) (104 440 96 ) 
4 15 (200 440 64 ) (256 440 64 ) (256 328 64 ) (200 328 64 ) 
4 15 (256 440 64 ) (472 440 64 ) (472 328 64 ) (256 328 64 ) 
4 15 (200 328 64 ) (368 328 64 ) (368 328 144 ) (200 328 144 ) 
4 15 (408 328 144 ) (408 328 320 ) (200 328 320 ) (200 328 144 ) 
4 15 (408 328 64 ) (472 328 64 ) (472 328 320 ) (408 328 320 ) 
4 15 (200 440 176 ) (200 440 160 ) (200 328 160 ) (200 328 176 ) 
4 15 (200 328 320 ) (472 328 320 ) (472 440 320 ) (200 440 320 ) 
4 15 (472 328 320 ) (472 328 64 ) (472 440 64 ) (472 440 320 ) 
4 16 (200 328 176 ) (200 328 320 ) (0 328 320 ) (0 328 176 ) 
4 16 (0 440 176 ) (200 440 176 ) (200 328 176 ) (0 328 176 ) 
4 16 (192 328 320 ) (192 440 320 ) (0 440 320 ) (0 328 320 ) 
4 16 (200 328 320 ) (200 440 320 ) (192 440 320 ) (192 328 320 ) 
4 17 (0 432 64 ) (0 440 64 ) (200 440 64 ) (200 432 64 ) 
4 17 (184 432 64 ) (192 432 64 ) (192 432 160 ) (184 432 160 ) 
4 17 (0 432 160 ) (200 432 160 ) (200 440 160 ) (0 440 160 ) 
4 17 (200 440 72 ) (200 440 64 ) (0 440 64 ) (0 440 72 ) 
4 17 (8 440 120 ) (8 440 72 ) (0 440 72 ) (0 440 120 ) 
4 17 (8 440 80 ) (168 440 80 ) (168 440 72 ) (8 440 72 ) 
4 17 (40 440 80 ) (8 440 80 ) (8 440 112 ) (40 440 112 ) 
4 17 (136 440 88 ) (136 440 80 ) (40 440 80 ) (40 440 88 ) 
4 17 (72 440 104 ) (72 440 88 ) (40 440 88 ) (40 440 104 ) 
4 17 (72 440 96 ) (104 440 96 ) (104 440 88 ) (72 440 88 ) 
4 18 (192 432 64 ) (200 432 64 ) (200 424 64 ) (192 424 64 ) 
4 18 (192 432 160 ) (192 424 160 ) (200 424 160 ) (200 432 160 ) 
4 18 (192 432 160 ) (192 432 64 ) (192 424 64 ) (192 424 160 ) 
4 19 (200 424 64 ) (200 328 64 ) (184 328 64 ) (184 424 64 ) 
4 19 (184 328 64 ) (200 328 64 ) (200 328 144 ) (184 328 144 ) 
4 19 (200 328 144 ) (200 328 160 ) (184 328 160 ) (184 328 144 ) 
4 19 (192 424 160 ) (192 424 64 ) (184 424 64 ) (184 424 160 ) 
4 19 (184 424 160 ) (184 328 160 ) (200 328 160 ) (200 424 160 ) 
4 20 (0 328 64 ) (0 432 64 ) (184 432 64 ) (184 328 64 ) 
4 20 (0 328 64 ) (184 328 64 ) (184 328 144 ) (0 328 144 ) 
4 20 (184 328 144 ) (184 328 160 ) (0 328 160 ) (0 328 144 ) 
4 20 (184 424 160 ) (184 424 64 ) (184 432 64 ) (184 432 160 ) 
4 20 (184 432 160 ) (0 432 160 ) (0 328 160 ) (184 328 160 ) 
4 21 (368 328 64 ) (408 328 64 ) (408 320 64 ) (368 320 64 ) 
4 21 (368 320 144 ) (408 320 144 ) (408 328 144 ) (368 328 144 ) 
4 21 (408 320 144 ) (408 320 64 ) (408 328 64 ) (408 328 144 ) 
4 21 (368 320 64 ) (368 320 144 ) (368 328 144 ) (368 328 64 ) 
4 22 (472 64 64 ) (328 64 64 ) (328 320 64 ) (472 320 64 ) 
4 22 (328 320 320 ) (328 320 64 ) (328 64 64 ) (328 64 320 ) 
4 22 (328 320 144 ) (368 320 144 ) (368 320 64 ) (328 320 64 ) 
4 22 (328 320 144 ) (328 320 320 ) (408 320 320 ) (408 320 144 ) 
4 22 (408 320 320 ) (472 320 320 ) (472 320 64 ) (408 320 64 ) 
4 22 (328 64 320 ) (472 64 320 ) (472 320 320 ) (328 320 320 ) 
4 22 (472 64 320 ) (472 64 64 ) (472 320 64 ) (472 320 320 ) 
4 23 (200 128 64 ) (200 256 64 ) (256 256 64 ) (256 128 64 ) 
4 23 (200 256 64 ) (200 320 64 ) (256 320 64 ) (256 256 64 ) 
4 23 (320 64 64 ) (256 64 64 ) (256 320 64 ) (320 320 64 ) 
4 23 (200 176 64 ) (200 168 64 ) (200 168 128 ) (200 176 128 ) 
4 23 (200 168 128 ) (200 168 136 ) (200 240 136 ) (200 240 128 ) 
4 23 (200 320 144 ) (320 320 144 ) (320 320 64 ) (200 320 64 ) 
4 23 (320 320 144 ) (200 320 144 ) (200 320 320 ) (320 320 320 ) 
4 23 (200 64 320 ) (320 64 320 ) (320 320 320 ) (200 320 320 ) 
4 23 (320 64 320 ) (320 64 64 ) (320 320 64 ) (320 320 320 ) 
4 24 (144 240 64 ) (144 256 64 ) (200 256 64 ) (200 240 64 ) 
4 24 (144 256 64 ) (144 320 64 ) (200 320 64 ) (200 256 64 ) 
4 24 (144 240 128 ) (144 240 64 ) (152 240 64 ) (152 240 128 ) 
4 24 (144 240 136 ) (144 240 128 ) (152 240 128 ) (152 240 136 ) 
4 24 (160 240 64 ) (168 240 64 ) (168 240 128 ) (160 240 128 ) 
5 24 (185 240 64 ) (192.669174 240 65.917297 ) (174.669174 240 127.917297 ) (168 240 126.250000 ) (168 240 122.555527 ) 
4 24 (200 240 128 ) (200 240 136 ) (152 240 136 ) (152 240 128 ) 
4 24 (144 320 144 ) (200 320 144 ) (200 320 64 ) (144 320 64 ) 
4 24 (200 320 144 ) (144 320 144 ) (144 320 320 ) (200 320 320 ) 
4 24 (200 240 320 ) (200 320 320 ) (192 320 320 ) (192 240 320 ) 
4 24 (144 240 320 ) (192 240 320 ) (192 320 320 ) (144 320 320 ) 
4 25 (152 240 320 ) (152 192 320 ) (192 192 320 ) (192 240 320 ) 
4 25 (200 168 320 ) (200 240 320 ) (192 240 320 ) (192 168 320 ) 
4 25 (200 168 136 ) (152 168 136 ) (152 240 136 ) (200 240 136 ) 
4 26 (185 240 64 ) (200 240 64 ) (200 232 64 ) (185 232 64 ) 
4 26 (184.996094 232 64 ) (192.668915 232 65.918205 ) (192.668915 240 65.918205 ) (184.996094 240 64 ) 
4 27 (168 240 64 ) (185 240 64 ) (185 232 64 ) (168 232 64 ) 
4 27 (168 232 64 ) (168 232 122.555527 ) (168 240 122.555527 ) (168 240 64 ) 
4 27 (184.998047 232 64.003914 ) (184.998047 240 64.003914 ) (168 240 122.552292 ) (168 232 122.552292 ) 
4 28 (168 232 126.250000 ) (168 232 128 ) (168 240 128 ) (168 240 126.250000 ) 
4 28 (174.669174 232 127.917297 ) (168 232 126.250000 ) (168 240 126.250000 ) (174.669174 240 127.917297 ) 
4 28 (168 232 128 ) (175 232 128 ) (175 240 128 ) (168 240 128 ) 
4 29 (175 232 128 ) (200 232 128 ) (200 240 128 ) (175 240 128 ) 
4 29 (192.665619 240 65.919327 ) (192.665619 232 65.919327 ) (174.667969 232 127.914062 ) (174.667969 240 127.914062 ) 
4 30 (152 240 64 ) (160 240 64 ) (160 232 64 ) (152 232 64 ) 
4 30 (152 240 128 ) (152 240 64 ) (152 232 64 ) (152 232 128 ) 
4 30 (160 232 128 ) (160 240 128 ) (152 240 128 ) (152 232 128 ) 
4 30 (160 240 64 ) (160 240 128 ) (160 232 128 ) (160 232 64 ) 
4 31 (200 232 64 ) (200 176 64 ) (152 176 64 ) (152 232 64 ) 
4 31 (152 208 64 ) (152 200 64 ) (152 200 128 ) (152 208 128 ) 
4 31 (152 192 64 ) (152 184 64 ) (152 184 128 ) (152 192 128 ) 
4 31 (152 224 64 ) (152 216 64 ) (152 216 128 ) (152 224 128 ) 
4 31 (168 176 128 ) (160 176 128 ) (160 176 64 ) (168 176 64 ) 
4 31 (184 176 128 ) (176 176 128 ) (176 176 64 ) (184 176 64 ) 
4 31 (200 176 64 ) (200 176 128 ) (192 176 128 ) (192 176 64 ) 
4 31 (168 232 64 ) (160 232 64 ) (160 232 128 ) (168 232 128 ) 
5 31 (192.669174 232 65.917297 ) (185 232 64 ) (168 232 122.555527 ) (168 232 126.250000 ) (174.669174 232 127.917297 ) 
4 31 (200 176 128 ) (200 232 128 ) (152 232 128 ) (152 176 128 ) 
4 32 (192 168 64 ) (184 168 64 ) (184 176 64 ) (192 176 64 ) 
4 32 (192 168 128 ) (192 168 64 ) (192 176 64 ) (192 176 128 ) 
4 32 (192 176 128 ) (184 176 128 ) (184 168 128 ) (192 168 128 ) 
4 32 (184 176 128 ) (184 176 64 ) (184 168 64 ) (184 168 128 ) 
4 33 (176 168 64 ) (168 168 64 ) (168 176 64 ) (176 176 64 ) 
4 33 (168 176 128 ) (168 176 64 ) (168 168 64 ) (168 168 128 ) 
4 33 (176 168 128 ) (176 168 64 ) (176 176 64 ) (176 176 128 ) 
4 33 (176 176 128 ) (168 176 128 ) (168 168 128 ) (176 168 128 ) 
4 34 (160 168 64 ) (152 168 64 ) (152 176 64 ) (160 176 64 ) 
4 34 (152 176 64 ) (152 168 64 ) (152 168 128 ) (152 176 128 ) 
4 34 (160 176 128 ) (152 176 128 ) (152 168 128 ) (160 168 128 ) 
4 34 (160 168 128 ) (160 168 64 ) (160 176 64 ) (160 176 128 ) 
4 35 (152 240 320 ) (144 240 320 ) (144 192 320 ) (152 192 320 ) 
4 35 (144 240 136 ) (152 240 136 ) (152 168 136 ) (144 168 136 ) 
4 36 (144 224 64 ) (144 232 64 ) (152 232 64 ) (152 224 64 ) 
4 36 (152 224 64 ) (152 224 128 ) (144 224 128 ) (144 224 64 ) 
4 36 (144 232 128 ) (144 224 128 ) (152 224 128 ) (152 232 128 ) 
4 36 (144 232 64 ) (144 232 128 ) (152 232 128 ) (152 232 64 ) 
4 37 (144 208 64 ) (144 216 64 ) (152 216 64 ) (152 208 64 ) 
4 37 (152 208 64 ) (152 208 128 ) (144 208 128 ) (144 208 64 ) 
4 37 (144 216 128 ) (144 208 128 ) (152 208 128 ) (152 216 128 ) 
4 37 (144 216 64 ) (144 216 128 ) (152 216 128 ) (152 216 64 ) 
4 38 (144 192 64 ) (144 200 64 ) (152 200 64 ) (152 192 64 ) 
4 38 (144 200 128 ) (144 192 128 ) (152 192 128 ) (152 200 128 ) 
4 38 (152 192 64 ) (152 192 128 ) (144 192 128 ) (144 192 64 ) 
4 38 (144 200 64 ) (144 200 128 ) (152 200 128 ) (152 200 64 ) 
4 39 (144 176 64 ) (144 184 64 ) (152 184 64 ) (152 176 64 ) 
4 39 (144 184 64 ) (144 184 128 ) (152 184 128 ) (152 184 64 ) 
4 39 (144 184 128 ) (144 176 128 ) (152 176 128 ) (152 184 128 ) 
4 39 (152 176 64 ) (152 176 128 ) (144 176 128 ) (144 176 64 ) 
4 40 (144 128 64 ) (144 168 64 ) (200 168 64 ) (200 128 64 ) 
4 40 (152 168 128 ) (152 168 64 ) (144 168 64 ) (144 168 128 ) 
4 40 (152 168 136 ) (152 168 128 ) (144 168 128 ) (144 168 136 ) 
4 40 (160 168 128 ) (168 168 128 ) (168 168 64 ) (160 168 64 ) 
4 40 (176 168 128 ) (184 168 128 ) (184 168 64 ) (176 168 64 ) 
4 40 (192 168 128 ) (200 168 128 ) (200 168 64 ) (192 168 64 ) 
4 40 (152 168 128 ) (152 168 136 ) (200 168 136 ) (200 168 128 ) 
4 40 (200 64 320 ) (200 168 320 ) (192 168 320 ) (192 64 320 ) 
4 41 (40 64 128 ) (40 64 64 ) (64 64 64 ) (64 64 128 ) 
4 41 (40 64 136 ) (40 64 128 ) (64 64 128 ) (64 64 136 ) 
4 41 (64 64 320 ) (56 64 320 ) (56 64 136 ) (64 64 136 ) 
4 41 (120 256 64 ) (144 256 64 ) (144 128 64 ) (120 128 64 ) 
4 41 (40 256 64 ) (40 320 64 ) (144 320 64 ) (144 256 64 ) 
4 41 (40 320 256 ) (40 320 176 ) (40 317 176 ) (40 317 256 ) 
4 41 (40 320 144 ) (144 320 144 ) (144 320 64 ) (40 320 64 ) 
4 41 (144 320 144 ) (40 320 144 ) (40 320 320 ) (144 320 320 ) 
4 41 (40 192 320 ) (144 192 320 ) (144 320 320 ) (40 320 320 ) 
4 41 (144 240 128 ) (144 240 136 ) (144 168 136 ) (144 168 128 ) 
4 41 (144 240 128 ) (144 232 128 ) (144 232 64 ) (144 240 64 ) 
4 41 (144 176 128 ) (144 168 128 ) (144 168 64 ) (144 176 64 ) 
4 41 (144 224 128 ) (144 216 128 ) (144 216 64 ) (144 224 64 ) 
4 41 (144 192 128 ) (144 184 128 ) (144 184 64 ) (144 192 64 ) 
4 41 (144 208 128 ) (144 200 128 ) (144 200 64 ) (144 208 64 ) 
4 42 (0 320 256 ) (40 320 256 ) (40 317 256 ) (0 317 256 ) 
4 42 (40 192 320 ) (40 320 320 ) (0 320 320 ) (0 192 320 ) 
4 42 (40 320 256 ) (0 320 256 ) (0 320 320 ) (40 320 320 ) 
4 43 (0 317 64 ) (0 320 64 ) (40 320 64 ) (40 317 64 ) 
4 43 (40 320 176 ) (40 320 144 ) (0 320 144 ) (0 320 176 ) 
4 43 (0 320 144 ) (40 320 144 ) (40 320 64 ) (0 320 64 ) 
4 43 (40 320 176 ) (0 320 176 ) (0 317 176 ) (40 317 176 ) 
4 44 (0 64 128 ) (0 64 64 ) (40 64 64 ) (40 64 128 ) 
4 44 (0 64 136 ) (0 64 128 ) (40 64 128 ) (40 64 136 ) 
4 44 (0 256 64 ) (0 317 64 ) (40 317 64 ) (40 256 64 ) 
4 44 (0 317 176 ) (0 317 256 ) (40 317 256 ) (40 317 176 ) 
4 45 (0 256 64 ) (120 256 64 ) (120 256 8 ) (0 256 8 ) 
4 45 (0 128 8 ) (0 256 8 ) (120 256 8 ) (120 128 8 ) 
4 45 (120 128 64 ) (120 128 8 ) (120 256 8 ) (120 256 64 ) 
4 46 (0 64 8 ) (64 64 8 ) (64 64 64 ) (0 64 64 ) 
4 46 (120 128 64 ) (256 128 64 ) (256 128 8 ) (120 128 8 ) 
4 46 (256 128 64 ) (256 64 64 ) (256 64 8 ) (256 128 8 ) 
4 46 (0 64 8 ) (0 128 8 ) (256 128 8 ) (256 64 8 ) 
4 47 (472 0 320 ) (472 0 184 ) (472 64 184 ) (472 64 320 ) 
4 47 (472 64 320 ) (328 64 320 ) (328 0 320 ) (472 0 320 ) 
4 47 (328 64 320 ) (328 64 184 ) (328 0 184 ) (328 0 320 ) 
4 48 (472 0 64 ) (320 0 64 ) (320 64 64 ) (472 64 64 ) 
4 48 (328 0 184 ) (328 64 184 ) (320 64 184 ) (320 0 184 ) 
4 48 (328 64 184 ) (328 64 64 ) (320 64 64 ) (320 64 184 ) 
4 48 (472 0 184 ) (472 0 64 ) (472 64 64 ) (472 64 184 ) 
4 49 (64 56 64 ) (64 0 64 ) (64 0 128 ) (64 56 128 ) 
4 49 (64 64 128 ) (64 64 64 ) (64 56 64 ) (64 56 128 ) 
4 49 (64 16 128 ) (64 0 128 ) (64 0 136 ) (64 16 136 ) 
4 49 (64 64 136 ) (64 64 128 ) (64 16 128 ) (64 16 136 ) 
4 49 (64 64 320 ) (64 64 136 ) (64 56 136 ) (64 56 320 ) 
4 49 (320 0 64 ) (256 0 64 ) (256 64 64 ) (320 64 64 ) 
4 49 (320 0 320 ) (320 0 184 ) (320 64 184 ) (320 64 320 ) 
4 49 (320 64 320 ) (192 64 320 ) (192 0 320 ) (320 0 320 ) 
4 49 (192 16 320 ) (64 16 320 ) (64 0 320 ) (192 0 320 ) 
4 50 (64 0 16 ) (64 0 64 ) (64 56 64 ) (64 56 16 ) 
4 50 (64 56 8 ) (64 0 8 ) (64 0 16 ) (64 56 16 ) 
4 50 (64 64 64 ) (64 64 8 ) (64 56 8 ) (64 56 64 ) 
4 50 (256 0 8 ) (64 0 8 ) (64 64 8 ) (256 64 8 ) 
4 50 (256 0 8 ) (256 64 8 ) (256 64 64 ) (256 0 64 ) 
4 51 (0 64 136 ) (56 64 136 ) (56 56 136 ) (0 56 136 ) 
4 51 (56 56 320 ) (56 64 320 ) (0 64 320 ) (0 56 320 ) 
4 51 (56 56 320 ) (56 56 136 ) (56 64 136 ) (56 64 320 ) 
4 52 (64 16 136 ) (64 0 136 ) (16 0 136 ) (16 16 136 ) 
4 52 (64 56 136 ) (64 16 136 ) (0 16 136 ) (0 56 136 ) 
4 52 (56 56 320 ) (64 56 320 ) (64 56 136 ) (56 56 136 ) 
4 52 (64 56 320 ) (0 56 320 ) (0 0 320 ) (64 0 320 ) 
4 53 (0 16 136 ) (16 16 136 ) (16 16 128 ) (0 16 128 ) 
4 53 (16 0 136 ) (16 0 128 ) (16 16 128 ) (16 16 136 ) 
4 54 (0 56 16 ) (56 56 16 ) (56 0 16 ) (0 0 16 ) 
4 54 (56 56 128 ) (0 56 128 ) (0 16 128 ) (56 16 128 ) 
4 54 (56 16 128 ) (16 16 128 ) (16 0 128 ) (56 0 128 ) 
4 54 (56 56 16 ) (0 56 16 ) (0 56 128 ) (56 56 128 ) 
4 54 (56 0 128 ) (56 0 16 ) (56 56 16 ) (56 56 128 ) 
4 55 (0 -648 432 ) (0 -640 432 ) (320 -640 432 ) (320 -648 432 ) 
4 55 (0 -328 432 ) (0 -320 432 ) (320 -320 432 ) (320 -328 432 ) 
4 55 (320 0 432 ) (328 0 432 ) (328 -648 432 ) (320 -648 432 ) 
4 55 (328 -648 640 ) (328 0 640 ) (0 0 640 ) (0 -648 640 ) 
4 55 (328 -648 640 ) (328 -648 432 ) (328 0 432 ) (328 0 640 ) 
4 55 (0 -648 432 ) (328 -648 432 ) (328 -648 640 ) (0 -648 640 ) 
4 56 (0 -320 328 ) (0 -200 328 ) (192 -200 328 ) (192 -320 328 ) 
4 56 (64 0 328 ) (192 0 328 ) (192 -16 328 ) (64 -16 328 ) 
4 56 (0 -64 328 ) (0 0 328 ) (64 0 328 ) (64 -64 328 ) 
4 56 (192 0 328 ) (320 0 328 ) (320 -320 328 ) (192 -320 328 ) 
4 56 (40 -320 328 ) (320 -320 328 ) (320 -320 408 ) (40 -320 408 ) 
4 56 (320 -320 408 ) (320 -320 432 ) (0 -320 432 ) (0 -320 408 ) 
4 56 (320 0 432 ) (320 -320 432 ) (320 -320 328 ) (320 0 328 ) 
4 57 (0 -328 328 ) (0 -320 328 ) (40 -320 328 ) (40 -328 328 ) 
4 57 (40 -320 408 ) (0 -320 408 ) (0 -328 408 ) (40 -328 408 ) 
4 57 (40 -320 328 ) (40 -320 408 ) (40 -328 408 ) (40 -328 328 ) 
4 58 (0 -640 328 ) (0 -328 328 ) (192 -328 328 ) (192 -640 328 ) 
4 58 (192 -328 328 ) (320 -328 328 ) (320 -640 328 ) (192 -640 328 ) 
4 58 (320 -328 432 ) (320 -640 432 ) (320 -640 328 ) (320 -328 328 ) 
4 58 (0 -328 408 ) (0 -328 432 ) (320 -328 432 ) (320 -328 408 ) 
4 58 (40 -328 408 ) (320 -328 408 ) (320 -328 328 ) (40 -328 328 ) 
4 58 (0 -640 328 ) (320 -640 328 ) (320 -640 432 ) (0 -640 432 ) 
4 59 (64 -16 320 ) (64 -64 320 ) (64 -64 328 ) (64 -16 328 ) 
4 59 (192 -16 328 ) (192 -64 328 ) (192 -64 320 ) (192 -16 320 ) 
4 59 (192 -16 328 ) (192 -16 320 ) (64 -16 320 ) (64 -16 328 ) 
4 60 (192 -64 328 ) (192 -200 328 ) (192 -200 320 ) (192 -64 320 ) 
4 60 (0 -64 328 ) (64 -64 328 ) (64 -64 320 ) (0 -64 320 ) 
4 60 (0 -200 320 ) (192 -200 320 ) (192 -200 328 ) (0 -200 328 ) 
4 61 (472 -64 320 ) (328 -64 320 ) (328 -64 64 ) (472 -64 64 ) 
4 61 (472 -64 64 ) (328 -64 64 ) (328 0 64 ) (472 0 64 ) 
4 61 (328 -64 184 ) (328 -64 320 ) (328 0 320 ) (328 0 184 ) 
4 61 (472 0 320 ) (472 -64 320 ) (472 -64 64 ) (472 0 64 ) 
4 61 (328 -64 320 ) (472 -64 320 ) (472 0 320 ) (328 0 320 ) 
4 62 (320 -64 184 ) (320 -64 64 ) (328 -64 64 ) (328 -64 184 ) 
4 62 (328 -64 64 ) (320 -64 64 ) (320 0 64 ) (328 0 64 ) 
4 62 (328 -64 184 ) (328 0 184 ) (320 0 184 ) (320 -64 184 ) 
4 63 (64 -64 64 ) (64 -64 128 ) (64 0 128 ) (64 0 64 ) 
4 63 (64 -64 128 ) (64 -64 136 ) (64 0 136 ) (64 0 128 ) 
4 63 (64 -64 136 ) (64 -64 320 ) (64 -56 320 ) (64 -56 136 ) 
4 63 (320 -64 64 ) (256 -64 64 ) (256 0 64 ) (320 0 64 ) 
4 63 (320 0 184 ) (320 0 320 ) (320 -64 320 ) (320 -64 184 ) 
4 63 (64 -16 320 ) (192 -16 320 ) (192 0 320 ) (64 0 320 ) 
4 63 (192 -64 320 ) (320 -64 320 ) (320 0 320 ) (192 0 320 ) 
4 64 (64 -64 8 ) (64 -64 64 ) (64 0 64 ) (64 0 8 ) 
4 64 (256 0 8 ) (256 0 64 ) (256 -64 64 ) (256 -64 8 ) 
4 64 (64 -64 8 ) (64 0 8 ) (256 0 8 ) (256 -64 8 ) 
4 65 (56 0 136 ) (64 0 136 ) (64 -56 136 ) (56 -56 136 ) 
4 65 (56 -56 320 ) (64 -56 320 ) (64 0 320 ) (56 0 320 ) 
4 65 (56 -56 320 ) (56 -56 136 ) (64 -56 136 ) (64 -56 320 ) 
4 66 (16 -16 136 ) (16 -64 136 ) (0 -64 136 ) (0 -16 136 ) 
4 66 (16 0 136 ) (56 0 136 ) (56 -64 136 ) (16 -64 136 ) 
4 66 (56 -56 320 ) (56 -64 320 ) (56 -64 136 ) (56 -56 136 ) 
4 66 (56 -64 320 ) (56 0 320 ) (0 0 320 ) (0 -64 320 ) 
4 67 (16 0 136 ) (16 -16 136 ) (16 -16 128 ) (16 0 128 ) 
4 67 (0 -16 128 ) (16 -16 128 ) (16 -16 136 ) (0 -16 136 ) 
4 68 (0 0 16 ) (56 0 16 ) (56 -56 16 ) (0 -56 16 ) 
4 68 (0 -16 128 ) (0 -56 128 ) (16 -56 128 ) (16 -16 128 ) 
4 68 (16 -56 128 ) (56 -56 128 ) (56 0 128 ) (16 0 128 ) 
4 68 (56 -56 16 ) (56 0 16 ) (56 0 128 ) (56 -56 128 ) 
4 68 (0 -56 16 ) (56 -56 16 ) (56 -56 128 ) (0 -56 128 ) 
4 69 (256 -128 64 ) (256 -200 64 ) (128 -200 64 ) (128 -128 64 ) 
4 69 (256 -64 64 ) (320 -64 64 ) (320 -200 64 ) (256 -200 64 ) 
4 69 (192 -200 64 ) (208 -200 64 ) (208 -200 320 ) (192 -200 320 ) 
4 69 (56 -64 128 ) (56 -64 64 ) (0 -64 64 ) (0 -64 128 ) 
4 69 (56 -64 64 ) (56 -64 128 ) (64 -64 128 ) (64 -64 64 ) 
4 69 (16 -64 136 ) (16 -64 128 ) (0 -64 128 ) (0 -64 136 ) 
4 69 (16 -64 136 ) (64 -64 136 ) (64 -64 128 ) (16 -64 128 ) 
4 69 (64 -64 136 ) (56 -64 136 ) (56 -64 320 ) (64 -64 320 ) 
4 69 (320 -200 320 ) (320 -64 320 ) (192 -64 320 ) (192 -200 320 ) 
4 69 (320 -200 320 ) (320 -200 64 ) (320 -64 64 ) (320 -64 320 ) 
4 70 (208 -200 64 ) (256 -200 64 ) (256 -216 64 ) (208 -216 64 ) 
4 70 (256 -200 64 ) (320 -200 64 ) (320 -216 64 ) (256 -216 64 ) 
4 70 (208 -216 320 ) (320 -216 320 ) (320 -200 320 ) (208 -200 320 ) 
4 70 (320 -200 320 ) (320 -216 320 ) (320 -216 64 ) (320 -200 64 ) 
4 70 (208 -200 320 ) (208 -200 64 ) (208 -216 64 ) (208 -216 320 ) 
4 71 (128 -200 64 ) (192 -200 64 ) (192 -216 64 ) (128 -216 64 ) 
4 71 (192 -216 320 ) (192 -216 64 ) (192 -200 64 ) (192 -200 320 ) 
4 71 (40 -216 320 ) (192 -216 320 ) (192 -200 320 ) (40 -200 320 ) 
4 72 (128 -216 64 ) (256 -216 64 ) (256 -256 64 ) (128 -256 64 ) 
4 72 (256 -320 64 ) (40 -320 64 ) (40 -256 64 ) (256 -256 64 ) 
4 72 (320 -216 64 ) (320 -320 64 ) (256 -320 64 ) (256 -216 64 ) 
4 72 (40 -320 176 ) (40 -320 256 ) (40 -319 256 ) (40 -319 176 ) 
4 72 (192 -216 320 ) (208 -216 320 ) (208 -216 64 ) (192 -216 64 ) 
4 72 (40 -320 64 ) (320 -320 64 ) (320 -320 320 ) (40 -320 320 ) 
4 72 (320 -320 320 ) (320 -216 320 ) (192 -216 320 ) (192 -320 320 ) 
4 72 (40 -216 320 ) (40 -320 320 ) (192 -320 320 ) (192 -216 320 ) 
4 72 (320 -216 320 ) (320 -320 320 ) (320 -320 64 ) (320 -216 64 ) 
4 73 (40 -319 256 ) (40 -320 256 ) (0 -320 256 ) (0 -319 256 ) 
4 73 (40 -320 256 ) (40 -320 320 ) (0 -320 320 ) (0 -320 256 ) 
4 73 (40 -320 320 ) (40 -200 320 ) (0 -200 320 ) (0 -320 320 ) 
4 74 (0 -319 64 ) (0 -256 64 ) (40 -256 64 ) (40 -319 64 ) 
4 74 (40 -319 176 ) (40 -319 256 ) (0 -319 256 ) (0 -319 176 ) 
4 75 (0 -320 64 ) (0 -319 64 ) (40 -319 64 ) (40 -320 64 ) 
4 75 (0 -320 64 ) (40 -320 64 ) (40 -320 176 ) (0 -320 176 ) 
4 75 (0 -320 176 ) (40 -320 176 ) (40 -319 176 ) (0 -319 176 ) 
4 76 (256 -64 64 ) (256 -128 64 ) (256 -128 8 ) (256 -64 8 ) 
4 76 (128 -64 8 ) (256 -64 8 ) (256 -128 8 ) (128 -128 8 ) 
4 76 (128 -128 64 ) (128 -128 8 ) (256 -128 8 ) (256 -128 64 ) 
4 77 (128 -128 64 ) (128 -256 64 ) (128 -256 8 ) (128 -128 8 ) 
4 77 (0 -256 8 ) (128 -256 8 ) (128 -256 64 ) (0 -256 64 ) 
4 77 (0 -256 8 ) (0 -64 8 ) (128 -64 8 ) (128 -256 8 ) 
4 77 (56 -64 64 ) (64 -64 64 ) (64 -64 8 ) (56 -64 8 ) 
4 77 (56 -64 16 ) (56 -64 8 ) (0 -64 8 ) (0 -64 16 ) 
4 77 (56 -64 64 ) (56 -64 16 ) (0 -64 16 ) (0 -64 64 ) 
4 78 (-336 0 440 ) (-376 0 440 ) (-376 144 440 ) (-336 144 440 ) 
4 78 (-376 0 440 ) (-456 0 440 ) (-456 192 440 ) (-376 192 440 ) 
4 78 (-456 192 440 ) (-456 504 440 ) (-336 504 440 ) (-336 192 440 ) 
4 78 (-320 0 440 ) (-336 0 440 ) (-336 504 440 ) (-320 504 440 ) 
4 78 (-320 320 440 ) (-320 504 440 ) (0 504 440 ) (0 320 440 ) 
4 78 (-456 504 440 ) (-456 0 440 ) (-456 0 640 ) (-456 504 640 ) 
4 78 (0 504 640 ) (-456 504 640 ) (-456 0 640 ) (0 0 640 ) 
4 78 (0 504 640 ) (0 504 440 ) (-456 504 440 ) (-456 504 640 ) 
4 79 (-320 320 432 ) (-320 0 432 ) (-320 0 440 ) (-320 320 440 ) 
4 79 (0 320 440 ) (0 320 432 ) (-320 320 432 ) (-320 320 440 ) 
4 80 (-376 192 440 ) (-376 192 432 ) (-376 144 432 ) (-376 144 440 ) 
4 80 (-336 192 440 ) (-336 144 440 ) (-336 144 432 ) (-336 192 432 ) 
4 80 (-376 192 440 ) (-336 192 440 ) (-336 192 432 ) (-376 192 432 ) 
4 80 (-376 144 440 ) (-376 144 432 ) (-336 144 432 ) (-336 144 440 ) 
4 81 (-192 496 328 ) (0 496 328 ) (0 328 328 ) (-192 328 328 ) 
4 81 (-392 328 328 ) (-392 496 328 ) (-192 496 328 ) (-192 328 328 ) 
4 81 (-392 328 432 ) (-392 328 328 ) (0 328 328 ) (0 328 432 ) 
4 81 (-392 496 432 ) (-392 328 432 ) (-336 328 432 ) (-336 496 432 ) 
4 81 (-320 328 432 ) (-320 496 432 ) (-336 496 432 ) (-336 328 432 ) 
4 81 (0 328 432 ) (0 496 432 ) (-320 496 432 ) (-320 328 432 ) 
4 81 (0 496 432 ) (0 496 328 ) (-392 496 328 ) (-392 496 432 ) 
4 82 (-64 0 328 ) (-192 0 328 ) (-192 16 328 ) (-64 16 328 ) 
4 82 (0 0 328 ) (-64 0 328 ) (-64 64 328 ) (0 64 328 ) 
4 82 (-192 192 328 ) (-192 320 328 ) (0 320 328 ) (0 192 328 ) 
4 82 (-192 0 328 ) (-320 0 328 ) (-320 320 328 ) (-192 320 328 ) 
4 82 (-320 320 432 ) (-320 320 328 ) (-320 0 328 ) (-320 0 432 ) 
4 82 (-320 320 432 ) (0 320 432 ) (0 320 328 ) (-320 320 328 ) 
4 83 (-392 120 328 ) (-392 320 328 ) (-328 320 328 ) (-328 120 328 ) 
4 83 (-392 136 328 ) (-392 120 328 ) (-392 120 408 ) (-392 136 408 ) 
4 83 (-392 320 328 ) (-392 184 328 ) (-392 184 408 ) (-392 320 408 ) 
4 83 (-392 120 408 ) (-392 120 432 ) (-392 320 432 ) (-392 320 408 ) 
4 83 (-392 120 432 ) (-392 120 328 ) (-328 120 328 ) (-328 120 432 ) 
4 83 (-328 120 432 ) (-328 120 328 ) (-328 320 328 ) (-328 320 432 ) 
4 83 (-328 320 432 ) (-328 320 328 ) (-392 320 328 ) (-392 320 432 ) 
4 83 (-328 120 432 ) (-328 320 432 ) (-336 320 432 ) (-336 120 432 ) 
4 83 (-392 320 432 ) (-392 192 432 ) (-336 192 432 ) (-336 320 432 ) 
4 83 (-376 120 432 ) (-376 192 432 ) (-392 192 432 ) (-392 120 432 ) 
4 83 (-336 120 432 ) (-336 144 432 ) (-376 144 432 ) (-376 120 432 ) 
4 84 (-328 0 328 ) (-392 0 328 ) (-392 112 328 ) (-328 112 328 ) 
4 84 (-392 40 328 ) (-392 0 328 ) (-392 0 408 ) (-392 40 408 ) 
4 84 (-392 112 328 ) (-392 96 328 ) (-392 96 408 ) (-392 112 408 ) 
4 84 (-392 0 408 ) (-392 0 432 ) (-392 112 432 ) (-392 112 408 ) 
4 84 (-336 112 432 ) (-376 112 432 ) (-376 0 432 ) (-336 0 432 ) 
4 84 (-376 112 432 ) (-392 112 432 ) (-392 0 432 ) (-376 0 432 ) 
4 84 (-328 112 432 ) (-336 112 432 ) (-336 0 432 ) (-328 0 432 ) 
4 84 (-328 112 432 ) (-328 0 432 ) (-328 0 328 ) (-328 112 328 ) 
4 84 (-328 112 432 ) (-328 112 328 ) (-392 112 328 ) (-392 112 432 ) 
4 85 (-400 496 432 ) (-400 328 432 ) (-392 328 432 ) (-392 496 432 ) 
4 85 (-392 496 432 ) (-392 496 408 ) (-400 496 408 ) (-400 496 432 ) 
4 85 (-400 328 432 ) (-400 328 408 ) (-392 328 408 ) (-392 328 432 ) 
4 86 (-400 328 328 ) (-400 496 328 ) (-392 496 328 ) (-392 328 328 ) 
4 86 (-392 496 408 ) (-392 496 328 ) (-400 496 328 ) (-400 496 408 ) 
4 86 (-392 328 328 ) (-392 328 408 ) (-400 328 408 ) (-400 328 328 ) 
4 87 (-400 136 328 ) (-400 184 328 ) (-392 184 328 ) (-392 136 328 ) 
4 87 (-400 184 328 ) (-400 184 408 ) (-392 184 408 ) (-392 184 328 ) 
4 87 (-392 136 408 ) (-392 184 408 ) (-400 184 408 ) (-400 136 408 ) 
4 87 (-392 136 328 ) (-392 136 408 ) (-400 136 408 ) (-400 136 328 ) 
4 88 (-400 40 328 ) (-400 96 328 ) (-392 96 328 ) (-392 40 328 ) 
4 88 (-392 40 408 ) (-392 96 408 ) (-400 96 408 ) (-400 40 408 ) 
4 88 (-400 96 328 ) (-400 96 408 ) (-392 96 408 ) (-392 96 328 ) 
4 88 (-392 40 328 ) (-392 40 408 ) (-400 40 408 ) (-400 40 328 ) 
4 89 (-400 0 328 ) (-448 0 328 ) (-448 496 328 ) (-400 496 328 ) 
4 89 (-448 496 432 ) (-400 496 432 ) (-400 496 328 ) (-448 496 328 ) 
4 89 (-400 40 408 ) (-400 0 408 ) (-400 0 328 ) (-400 40 328 ) 
4 89 (-400 136 408 ) (-400 96 408 ) (-400 96 328 ) (-400 136 328 ) 
4 89 (-400 328 408 ) (-400 184 408 ) (-400 184 328 ) (-400 328 328 ) 
4 89 (-400 328 408 ) (-400 328 432 ) (-400 0 432 ) (-400 0 408 ) 
4 89 (-448 192 432 ) (-400 192 432 ) (-400 496 432 ) (-448 496 432 ) 
4 89 (-400 192 432 ) (-448 192 432 ) (-448 0 432 ) (-400 0 432 ) 
4 89 (-448 496 432 ) (-448 496 328 ) (-448 0 328 ) (-448 0 432 ) 
4 90 (-64 64 320 ) (0 64 320 ) (0 64 328 ) (-64 64 328 ) 
4 90 (-192 192 320 ) (-192 64 320 ) (-192 64 328 ) (-192 192 328 ) 
4 90 (0 192 328 ) (0 192 320 ) (-192 192 320 ) (-192 192 328 ) 
4 91 (-64 16 328 ) (-64 16 320 ) (-64 64 320 ) (-64 64 328 ) 
4 91 (-192 64 320 ) (-192 16 320 ) (-192 16 328 ) (-192 64 328 ) 
4 91 (-192 16 328 ) (-192 16 320 ) (-64 16 320 ) (-64 16 328 ) 
4 92 (-216 440 168 ) (0 440 168 ) (0 440 176 ) (-216 440 176 ) 
4 92 (-184 440 168 ) (-216 440 168 ) (-216 496 168 ) (-184 496 168 ) 
4 92 (-216 496 176 ) (-216 496 168 ) (-216 440 168 ) (-216 440 176 ) 
4 92 (-216 496 320 ) (0 496 320 ) (0 496 168 ) (-216 496 168 ) 
4 92 (0 440 320 ) (0 496 320 ) (-192 496 320 ) (-192 440 320 ) 
4 92 (-216 440 320 ) (-192 440 320 ) (-192 496 320 ) (-216 496 320 ) 
4 93 (-328 440 272 ) (-328 440 320 ) (-328 496 320 ) (-328 496 272 ) 
4 93 (-216 440 320 ) (-216 496 320 ) (-328 496 320 ) (-328 440 320 ) 
4 93 (-216 496 320 ) (-216 496 176 ) (-328 496 176 ) (-328 496 320 ) 
4 93 (-328 496 176 ) (-216 496 176 ) (-216 440 176 ) (-328 440 176 ) 
4 94 (-184 440 160 ) (0 440 160 ) (0 440 168 ) (-184 440 168 ) 
4 94 (-152 440 160 ) (-184 440 160 ) (-184 496 160 ) (-152 496 160 ) 
4 94 (-184 496 168 ) (0 496 168 ) (0 496 160 ) (-184 496 160 ) 
4 94 (-184 496 160 ) (-184 440 160 ) (-184 440 168 ) (-184 496 168 ) 
4 95 (-24 440 120 ) (-24 440 128 ) (-24 496 128 ) (-24 496 120 ) 
4 95 (-24 496 120 ) (-24 496 160 ) (0 496 160 ) (0 496 120 ) 
4 95 (0 440 120 ) (-24 440 120 ) (-24 496 120 ) (0 496 120 ) 
4 96 (-56 496 128 ) (-56 440 128 ) (-56 440 136 ) (-56 496 136 ) 
4 96 (-56 496 128 ) (-56 496 160 ) (-24 496 160 ) (-24 496 128 ) 
4 96 (-56 496 128 ) (-24 496 128 ) (-24 440 128 ) (-56 440 128 ) 
4 97 (-152 440 152 ) (-152 496 152 ) (-120 496 152 ) (-120 440 152 ) 
4 97 (-56 496 152 ) (-152 496 152 ) (-152 496 160 ) (-56 496 160 ) 
4 97 (-152 440 152 ) (-152 440 160 ) (-152 496 160 ) (-152 496 152 ) 
4 98 (-88 496 136 ) (-88 440 136 ) (-88 440 144 ) (-88 496 144 ) 
4 98 (-88 496 152 ) (-56 496 152 ) (-56 496 136 ) (-88 496 136 ) 
4 98 (-88 496 136 ) (-56 496 136 ) (-56 440 136 ) (-88 440 136 ) 
4 99 (-120 496 144 ) (-120 496 152 ) (-88 496 152 ) (-88 496 144 ) 
4 99 (-120 440 144 ) (-120 440 152 ) (-120 496 152 ) (-120 496 144 ) 
4 99 (-120 440 144 ) (-120 496 144 ) (-88 496 144 ) (-88 440 144 ) 
4 100 (-328 440 64 ) (-328 440 160 ) (-328 496 160 ) (-328 496 64 ) 
4 100 (-216 496 128 ) (-216 496 160 ) (-216 440 160 ) (-216 440 128 ) 
4 100 (-216 496 128 ) (-216 440 128 ) (-216 440 64 ) (-216 496 64 ) 
4 100 (-216 496 160 ) (-216 496 64 ) (-328 496 64 ) (-328 496 160 ) 
4 100 (-216 496 160 ) (-328 496 160 ) (-328 440 160 ) (-216 440 160 ) 
4 100 (-216 440 64 ) (-328 440 64 ) (-328 496 64 ) (-216 496 64 ) 
4 101 (-328 440 272 ) (-328 440 176 ) (-328 328 176 ) (-328 328 272 ) 
4 101 (-328 328 320 ) (-328 440 320 ) (-328 440 272 ) (-328 328 272 ) 
4 101 (-192 328 320 ) (-192 440 320 ) (-328 440 320 ) (-328 328 320 ) 
4 101 (0 328 320 ) (0 440 320 ) (-192 440 320 ) (-192 328 320 ) 
4 101 (-328 328 320 ) (-328 328 176 ) (0 328 176 ) (0 328 320 ) 
4 101 (0 328 176 ) (-328 328 176 ) (-328 440 176 ) (0 440 176 ) 
4 102 (-208 440 64 ) (0 440 64 ) (0 384 64 ) (-208 384 64 ) 
4 102 (-208 384 160 ) (0 384 160 ) (0 440 160 ) (-208 440 160 ) 
4 102 (-120 440 144 ) (-88 440 144 ) (-88 440 136 ) (-120 440 136 ) 
4 102 (-120 440 152 ) (-120 440 136 ) (-152 440 136 ) (-152 440 152 ) 
4 102 (-56 440 136 ) (-56 440 128 ) (-152 440 128 ) (-152 440 136 ) 
4 102 (-152 440 128 ) (-208 440 128 ) (-208 440 160 ) (-152 440 160 ) 
4 102 (-208 440 128 ) (-24 440 128 ) (-24 440 64 ) (-208 440 64 ) 
4 102 (-24 440 120 ) (0 440 120 ) (0 440 64 ) (-24 440 64 ) 
4 102 (-208 440 64 ) (-208 384 64 ) (-208 384 160 ) (-208 440 160 ) 
4 103 (-208 384 160 ) (-208 384 64 ) (-216 384 64 ) (-216 384 160 ) 
4 103 (-216 328 64 ) (0 328 64 ) (0 328 160 ) (-216 328 160 ) 
4 103 (0 384 160 ) (-216 384 160 ) (-216 328 160 ) (0 328 160 ) 
4 103 (0 328 64 ) (-216 328 64 ) (-216 384 64 ) (0 384 64 ) 
4 104 (-328 440 160 ) (-328 440 64 ) (-328 328 64 ) (-328 328 160 ) 
4 104 (-216 440 160 ) (-216 384 160 ) (-216 384 64 ) (-216 440 64 ) 
4 104 (-216 328 64 ) (-328 328 64 ) (-328 440 64 ) (-216 440 64 ) 
4 104 (-216 440 160 ) (-328 440 160 ) (-328 328 160 ) (-216 328 160 ) 
4 104 (-328 328 160 ) (-328 328 64 ) (-216 328 64 ) (-216 328 160 ) 
4 105 (-40 317 256 ) (-40 320 256 ) (0 320 256 ) (0 317 256 ) 
4 105 (-40 192 320 ) (0 192 320 ) (0 320 320 ) (-40 320 320 ) 
4 105 (-40 320 256 ) (-40 320 320 ) (0 320 320 ) (0 320 256 ) 
4 106 (-40 317 64 ) (-40 320 64 ) (0 320 64 ) (0 317 64 ) 
4 106 (-40 320 64 ) (-40 320 176 ) (0 320 176 ) (0 320 64 ) 
4 106 (0 320 176 ) (-40 320 176 ) (-40 317 176 ) (0 317 176 ) 
4 107 (-40 64 64 ) (0 64 64 ) (0 64 128 ) (-40 64 128 ) 
4 107 (0 64 128 ) (0 64 136 ) (-40 64 136 ) (-40 64 128 ) 
4 107 (-40 256 64 ) (-40 317 64 ) (0 317 64 ) (0 256 64 ) 
4 107 (0 317 176 ) (-40 317 176 ) (-40 317 256 ) (0 317 256 ) 
4 108 (-320 240 312 ) (-320 240 320 ) (-320 280 320 ) (-320 280 312 ) 
4 108 (-320 280 64 ) (-320 240 64 ) (-320 240 192 ) (-320 280 192 ) 
4 108 (-320 320 320 ) (-320 320 64 ) (-320 280 64 ) (-320 280 320 ) 
4 108 (-128 240 64 ) (-256 240 64 ) (-256 256 64 ) (-128 256 64 ) 
4 108 (-256 320 64 ) (-40 320 64 ) (-40 256 64 ) (-256 256 64 ) 
4 108 (-320 240 64 ) (-320 320 64 ) (-256 320 64 ) (-256 240 64 ) 
4 108 (-191 240 64 ) (-176 240 64 ) (-176 240 96 ) (-191 240 96 ) 
4 108 (-192 240 320 ) (-192 320 320 ) (-320 320 320 ) (-320 240 320 ) 
4 108 (-40 240 320 ) (-40 320 320 ) (-192 320 320 ) (-192 240 320 ) 
4 108 (-40 320 64 ) (-320 320 64 ) (-320 320 320 ) (-40 320 320 ) 
4 108 (-40 317 256 ) (-40 317 176 ) (-40 320 176 ) (-40 320 256 ) 
4 109 (-320 64 312 ) (-320 64 320 ) (-320 240 320 ) (-320 240 312 ) 
4 109 (-320 64 94.037323 ) (-320 64 192 ) (-320 240 192 ) (-320 240 84.650665 ) 
4 109 (-64 64 159.573334 ) (-56 64 161.621338 ) (-56 64 320 ) (-64 64 320 ) 
4 109 (-180.903625 204.929459 122.131165 ) (-218.693100 212.487350 112.053955 ) (-213.583939 236.060455 112.104645 ) (-175.523010 228.448273 122.254234 ) 
4 109 (-40 192 320 ) (-40 240 320 ) (-192 240 320 ) (-192 192 320 ) 
4 109 (-192 64 320 ) (-192 240 320 ) (-320 240 320 ) (-320 64 320 ) 
4 110 (-56 64 64 ) (-40 64 64 ) (-40 64 128 ) (-56 64 128 ) 
4 110 (-64 64 64 ) (-56 64 64 ) (-56 64 128 ) (-64 64 128 ) 
4 110 (-40 64 128 ) (-40 64 136 ) (-64 64 136 ) (-64 64 128 ) 
4 110 (-56 64 161.621338 ) (-64 64 159.573334 ) (-64 64 136 ) (-56 64 136 ) 
3 110 (-224.222198 128 64 ) (-128 236.249969 64 ) (-128 128 64 ) 
3 110 (-256 64 64 ) (-281.111084 64 64 ) (-256 92.249969 64 ) 
4 110 (-146.002899 216.002411 96 ) (-146.002899 216.002411 64 ) (-162.002823 198.002365 64 ) (-162.002838 198.002365 96 ) 
4 111 (-174.800003 240 64 ) (-128 240 64 ) (-128 236.249969 64 ) (-146 216 64 ) 
4 111 (-146 216 64 ) (-146 216 96 ) (-158 226 96 ) (-158 226 64 ) 
4 112 (-214.032089 211.451584 96 ) (-208.908249 235.021423 96 ) (-213.583069 236.060272 112.103050 ) (-218.691910 212.487091 112.052055 ) 
4 113 (-187.791000 206.161453 96 ) (-186.452530 212.318451 96 ) (-181 213 96 ) (-179.875427 204.565704 96 ) 
3 113 (-185.652191 216 96 ) (-183.016541 228.124023 96 ) (-181.399994 216 96 ) 
4 113 (-189.860352 196.642456 96 ) (-187.791000 206.161453 96 ) (-179.875427 204.565704 96 ) (-179 198 96 ) 
5 113 (-183.016541 228.124023 96 ) (-182.667130 229.731293 96 ) (-176.479828 228.483963 96 ) (-177 216 96 ) (-181.400009 216 96 ) 
4 113 (-182.667130 229.731293 96 ) (-180.434799 240 96 ) (-176 240 96 ) (-176.479828 228.483963 96 ) 
4 113 (-158.003922 225.995590 96 ) (-146 215.992188 96 ) (-161.996002 197.996674 96 ) (-174 208 96 ) 
4 113 (-169.190887 227.037857 99.896797 ) (-182.667358 229.731339 96 ) (-187.791229 206.161499 96 ) (-174.584274 203.521881 99.818863 ) 
4 114 (-191 240 96 ) (-180.434799 240 96 ) (-182.667130 229.731293 96 ) (-191.354874 231.482712 96 ) 
5 114 (-213.589844 236.062500 112.093750 ) (-208.917969 235.024414 96 ) (-182.660278 229.731018 96 ) (-169.190109 227.038803 99.894882 ) (-175.521713 228.449036 122.250511 ) 
4 115 (-204.949402 209.620529 96 ) (-187.791000 206.161453 96 ) (-189.860352 196.642456 96 ) (-203 195 96 ) 
5 115 (-174.586685 203.518555 99.824326 ) (-187.812500 206.162109 96 ) (-214.038940 211.449402 96 ) (-218.698975 212.484970 112.051208 ) (-180.904068 204.925674 122.129776 ) 
4 116 (-175.523438 228.445801 122.250000 ) (-169.191406 227.035645 99.898438 ) (-174.582031 203.521484 99.812500 ) (-180.902832 204.929382 122.129967 ) 
4 117 (-320 240 64 ) (-320 164.299988 64 ) (-320 164.299988 88.687996 ) (-320 240 84.650665 ) 
3 117 (-256 240 64 ) (-203.538483 240 64 ) (-256 205.899994 64 ) 
4 117 (-320 164.299988 64 ) (-320 240 64 ) (-256 240 64 ) (-256 205.899994 64 ) 
4 117 (-225.513565 225.709549 88 ) (-225.513565 225.709549 64 ) (-210.873032 235.225891 64 ) (-210.704285 235.335587 88 ) 
4 117 (-205.513565 238.709549 88 ) (-210.704285 235.335587 88 ) (-210.873032 235.225891 64 ) (-205.513565 238.709549 64 ) 
4 118 (-176 240 64 ) (-174.800003 240 64 ) (-158 226 64 ) (-177.497269 204.065598 64 ) 
4 118 (-177 216 96 ) (-176.479797 228.483948 96 ) (-176.487717 228.293930 64 ) (-177 216 64 ) 
4 118 (-176.479797 228.483948 96 ) (-176 240 96 ) (-176 240 64 ) (-176.487717 228.293930 64 ) 
4 118 (-174 208 64 ) (-158 226 64 ) (-158 226 96 ) (-174 208 96 ) 
4 119 (-162 198 64 ) (-178.524582 179.409821 64 ) (-177.497269 204.065598 64 ) (-174 208 64 ) 
4 119 (-174 208 64 ) (-174 208 96 ) (-162 198 96 ) (-162 198 64 ) 
4 120 (-320 164.299988 64 ) (-320 64 64 ) (-320 64 94.037323 ) (-320 164.299988 88.687996 ) 
5 120 (-256 205.899994 64 ) (-225.516479 225.714294 64 ) (-189.454544 167.113617 64 ) (-224.222198 128 64 ) (-256 128 64 ) 
5 120 (-281.111084 64 64 ) (-320 64 64 ) (-320 164.299988 64 ) (-256 205.899994 64 ) (-256 92.249969 64 ) 
4 120 (-225.515411 225.713028 64 ) (-225.515411 225.713028 88 ) (-217.088562 212.019852 88 ) (-216.987595 211.855774 64 ) 
4 120 (-214 207 64 ) (-216.987595 211.855774 64 ) (-217.088562 212.019852 88 ) (-214 207 88 ) 
4 121 (-177.743454 198.157059 64 ) (-178.524582 179.409821 64 ) (-189.454544 167.113617 64 ) (-206.357147 194.580353 64 ) 
4 121 (-179 198 64 ) (-203 195 64 ) (-203 195 96 ) (-179 198 96 ) 
4 122 (-191.354843 231.483795 96 ) (-208.908157 235.022476 96 ) (-206.875900 234.570862 89 ) (-191.355469 231.468872 93.487709 ) 
3 122 (-202.408539 233.663895 88 ) (-210.711227 235.337692 88 ) (-205.515976 238.713486 88 ) 
4 122 (-191.355164 231.480209 96 ) (-191.357147 231.432709 88 ) (-191 240 88 ) (-191 240 96 ) 
5 123 (-205.516495 238.714294 64 ) (-203.538483 240 64 ) (-191 240 64 ) (-191.362793 231.292694 64 ) (-202.307083 233.499023 64 ) 
4 123 (-191.357147 231.432709 88 ) (-191.363083 231.290192 64 ) (-191 240 64 ) (-191 240 88 ) 
4 123 (-202.313263 233.500275 64 ) (-202.414230 233.664337 88 ) (-205.520340 238.711761 88 ) (-205.520340 238.711761 64 ) 
3 124 (-183.016541 228.124023 96 ) (-182.667130 229.731293 96 ) (-183.246399 229.848068 96 ) 
3 124 (-182.655075 229.733398 96 ) (-183.011627 228.093750 96 ) (-183.246094 229.851562 95.829102 ) 
4 125 (-177 216 64 ) (-177.743454 198.157059 64 ) (-179 198 64 ) (-181.399994 216 64 ) 
4 125 (-181 213 64 ) (-179.848984 204.368759 64 ) (-179.875229 204.565659 96 ) (-181 213 96 ) 
4 125 (-179.848984 204.368759 64 ) (-179 198 64 ) (-179 198 96 ) (-179.875229 204.565659 96 ) 
4 125 (-177 216 96 ) (-177 216 64 ) (-181.394531 216 64 ) (-181.394531 216 96 ) 
4 126 (-206.132904 209.858398 96 ) (-204.949295 209.619781 96 ) (-204.945221 209.589264 91.039917 ) (-206.230667 209.846176 90.668243 ) 
4 126 (-214.032410 211.450912 96 ) (-206.132904 209.858398 96 ) (-206.230667 209.846176 90.668243 ) (-212 211 89 ) 
3 126 (-217.085938 212.009766 88 ) (-208.847549 210.349106 88 ) (-214.001526 207 88 ) 
4 126 (-203 195 96 ) (-203 195 88 ) (-204.941345 209.561050 88 ) (-204.947906 209.610275 96 ) 
5 127 (-203 195 64 ) (-206.357147 194.580353 64 ) (-214 207 64 ) (-209.005295 210.246552 64 ) (-204.923157 209.423615 64 ) 
4 127 (-203 195 88 ) (-203 195 64 ) (-204.921646 209.413361 64 ) (-204.941345 209.561050 88 ) 
4 127 (-214.003403 207.005539 88 ) (-208.843750 210.359375 88 ) (-209.012512 210.249680 64 ) (-214.003403 207.005539 64 ) 
5 128 (-211.710770 210.930511 88 ) (-217.085571 212.014053 88 ) (-225.516891 225.714005 88 ) (-210.711517 235.337494 88 ) (-206.585709 234.505844 88 ) 
4 128 (-214.033722 211.451553 96 ) (-212 211 89 ) (-210.913605 216 89 ) (-213.044754 216 96 ) 
4 128 (-206.876587 234.569916 89 ) (-208.908890 235.021530 96 ) (-213.044754 216 96 ) (-210.913605 216 89 ) 
5 129 (-210.608704 216 88 ) (-206.585709 234.505844 88 ) (-202.408508 233.663834 88 ) (-194 220 88 ) (-200.153839 216 88 ) 
4 129 (-192 216 94.240898 ) (-192 216 88 ) (-191.357117 231.435242 88 ) (-191.355759 231.467819 93.487686 ) 
4 129 (-210.914062 216 89 ) (-192 216 94.240723 ) (-191.355988 231.467896 93.487518 ) (-206.876923 234.569977 89 ) 
5 130 (-205 210 88 ) (-181 213 88 ) (-181 213 96 ) (-186.452530 212.318436 96 ) (-205 210 91 ) 
4 130 (-208.842621 210.352295 88 ) (-211.710770 210.930511 88 ) (-210.608704 216 88 ) (-200.153839 216 88 ) 
5 130 (-192 216 94.240967 ) (-185.652176 216 96 ) (-181.399994 216 96 ) (-181.399994 216 88 ) (-192 216 88 ) 
5 130 (-185.658829 216 96 ) (-210.906250 216 89.003906 ) (-211.993484 210.998688 89.003906 ) (-206.228439 209.846466 90.670815 ) (-186.459351 212.317596 96 ) 
3 131 (-202.307083 233.499023 64 ) (-191.362808 231.292694 64 ) (-191.970734 216.702454 64 ) 
4 131 (-191.356705 231.435165 88 ) (-191.970581 216.702194 88 ) (-191.970581 216.702194 64 ) (-191.362640 231.292648 64 ) 
4 131 (-194.002151 219.998611 88 ) (-202.411484 233.663773 88 ) (-202.310516 233.499710 64 ) (-194.002151 219.998611 64 ) 
5 132 (-194 220 64 ) (-191.970734 216.702454 64 ) (-192.183243 211.602112 64 ) (-206.717438 209.785339 64 ) (-209.005280 210.246552 64 ) 
4 132 (-205 210 64 ) (-192.183243 211.602097 64 ) (-192.183243 211.602097 88 ) (-205 210 88 ) 
4 132 (-191.970581 216.702194 88 ) (-192 216 88 ) (-192 216 64 ) (-191.970581 216.702194 64 ) 
4 132 (-194.003906 220 88 ) (-194.003906 220 64 ) (-209.010590 210.247604 64 ) (-208.841797 210.357300 88 ) 
4 133 (-181.399994 216 64 ) (-181 213 64 ) (-192.183243 211.602112 64 ) (-192 216 64 ) 
4 133 (-192.183243 211.602097 64 ) (-181 213 64 ) (-181 213 88 ) (-192.183243 211.602097 88 ) 
4 133 (-181.399994 216 88 ) (-181.399994 216 64 ) (-192 216 64 ) (-192 216 88 ) 
3 134 (-204.923157 209.423615 64 ) (-206.717438 209.785339 64 ) (-205 210 64 ) 
3 134 (-205 210.003845 90.998787 ) (-206.242188 209.848633 90.664062 ) (-204.945251 209.589417 91.039070 ) 
4 134 (-205 210 64 ) (-205 210 90.997070 ) (-204.945328 209.589996 91.036919 ) (-204.923141 209.423630 64 ) 
4 135 (-128 256 64 ) (0 256 64 ) (0 256 8 ) (-128 256 8 ) 
4 135 (0 256 8 ) (0 128 8 ) (-128 128 8 ) (-128 256 8 ) 
4 135 (-128 256 64 ) (-128 256 8 ) (-128 128 8 ) (-128 128 64 ) 
4 136 (0 64 16 ) (0 64 64 ) (-56 64 64 ) (-56 64 16 ) 
4 136 (-56 64 8 ) (0 64 8 ) (0 64 16 ) (-56 64 16 ) 
4 136 (-64 64 8 ) (-56 64 8 ) (-56 64 64 ) (-64 64 64 ) 
4 136 (-128 128 64 ) (-128 128 8 ) (-256 128 8 ) (-256 128 64 ) 
4 136 (-256 64 8 ) (-256 64 64 ) (-256 128 64 ) (-256 128 8 ) 
4 136 (0 128 8 ) (0 64 8 ) (-256 64 8 ) (-256 128 8 ) 
4 137 (-56 64 136 ) (0 64 136 ) (0 56 136 ) (-56 56 136 ) 
4 137 (-56 56 320 ) (0 56 320 ) (0 64 320 ) (-56 64 320 ) 
4 137 (-56 64 320 ) (-56 64 136 ) (-56 56 136 ) (-56 56 320 ) 
4 138 (-16 0 136 ) (-64 0 136 ) (-64 16 136 ) (-16 16 136 ) 
4 138 (-64 16 136 ) (-64 56 136 ) (0 56 136 ) (0 16 136 ) 
4 138 (-56 56 320 ) (-56 56 136 ) (-64 56 136 ) (-64 56 320 ) 
4 138 (0 56 320 ) (-64 56 320 ) (-64 0 320 ) (0 0 320 ) 
4 139 (-16 16 136 ) (0 16 136 ) (0 16 128 ) (-16 16 128 ) 
4 139 (-16 16 136 ) (-16 16 128 ) (-16 0 128 ) (-16 0 136 ) 
4 140 (0 0 16 ) (-56 0 16 ) (-56 56 16 ) (0 56 16 ) 
4 140 (-56 56 128 ) (-56 16 128 ) (0 16 128 ) (0 56 128 ) 
4 140 (-16 16 128 ) (-56 16 128 ) (-56 0 128 ) (-16 0 128 ) 
4 140 (-56 0 128 ) (-56 56 128 ) (-56 56 16 ) (-56 0 16 ) 
4 140 (0 56 128 ) (0 56 16 ) (-56 56 16 ) (-56 56 128 ) 
4 141 (-256 64 64 ) (-256 64 8 ) (-256 0 8 ) (-256 0 64 ) 
4 141 (-64 0 8 ) (-256 0 8 ) (-256 64 8 ) (-64 64 8 ) 
4 141 (-64 16 320 ) (-192 16 320 ) (-192 0 320 ) (-64 0 320 ) 
4 141 (-192 64 320 ) (-256 64 320 ) (-256 0 320 ) (-192 0 320 ) 
4 141 (-64 56 320 ) (-64 56 136 ) (-64 64 136 ) (-64 64 320 ) 
4 141 (-64 16 136 ) (-64 16 128 ) (-64 64 128 ) (-64 64 136 ) 
4 141 (-64 16 136 ) (-64 0 136 ) (-64 0 128 ) (-64 16 128 ) 
4 141 (-64 0 128 ) (-64 0 8 ) (-64 64 8 ) (-64 64 128 ) 
4 142 (-320 0 192 ) (-320 0 312 ) (-320 24 312 ) (-320 24 192 ) 
4 142 (-320 0 312 ) (-320 0 320 ) (-320 64 320 ) (-320 64 312 ) 
4 142 (-320 0 64 ) (-320 0 192 ) (-320 64 192 ) (-320 64 64 ) 
4 142 (-256 64 320 ) (-320 64 320 ) (-320 0 320 ) (-256 0 320 ) 
4 142 (-320 0 64 ) (-320 64 64 ) (-256 64 64 ) (-256 0 64 ) 
4 143 (-320 24 312 ) (-320 280 312 ) (-328 280 312 ) (-328 24 312 ) 
4 143 (-320 280 312 ) (-320 280 192 ) (-328 280 192 ) (-328 280 312 ) 
4 143 (-328 24 192 ) (-328 280 192 ) (-320 280 192 ) (-320 24 192 ) 
4 143 (-328 24 192 ) (-320 24 192 ) (-320 24 312 ) (-328 24 312 ) 
4 144 (-328 496 176 ) (-328 440 176 ) (-344 440 176 ) (-344 496 176 ) 
4 144 (-328 440 272 ) (-328 496 272 ) (-344 496 272 ) (-344 440 272 ) 
4 144 (-328 496 272 ) (-328 496 176 ) (-344 496 176 ) (-344 496 272 ) 
4 144 (-328 440 272 ) (-344 440 272 ) (-344 440 176 ) (-328 440 176 ) 
4 145 (-448 328 176 ) (-448 496 176 ) (-344 496 176 ) (-344 328 176 ) 
4 145 (-344 328 272 ) (-344 328 320 ) (-400 328 320 ) (-400 328 272 ) 
4 145 (-448 328 320 ) (-448 328 176 ) (-400 328 176 ) (-400 328 320 ) 
4 145 (-448 496 320 ) (-448 328 320 ) (-344 328 320 ) (-344 496 320 ) 
4 145 (-344 328 272 ) (-344 496 272 ) (-344 496 320 ) (-344 328 320 ) 
4 145 (-344 440 272 ) (-344 328 272 ) (-344 328 176 ) (-344 440 176 ) 
4 145 (-448 496 176 ) (-448 328 176 ) (-448 328 320 ) (-448 496 320 ) 
4 145 (-344 496 320 ) (-344 496 176 ) (-448 496 176 ) (-448 496 320 ) 
4 146 (-344 320 176 ) (-400 320 176 ) (-400 328 176 ) (-344 328 176 ) 
4 146 (-400 328 272 ) (-400 328 176 ) (-400 320 176 ) (-400 320 272 ) 
4 146 (-344 328 272 ) (-344 320 272 ) (-344 320 176 ) (-344 328 176 ) 
4 146 (-344 320 272 ) (-344 328 272 ) (-400 328 272 ) (-400 320 272 ) 
4 147 (-328 320 176 ) (-328 8 176 ) (-448 8 176 ) (-448 320 176 ) 
4 147 (-384 8 176 ) (-328 8 176 ) (-328 8 256 ) (-384 8 256 ) 
4 147 (-328 8 256 ) (-328 8 320 ) (-448 8 320 ) (-448 8 256 ) 
4 147 (-400 320 272 ) (-400 320 320 ) (-344 320 320 ) (-344 320 272 ) 
4 147 (-448 320 320 ) (-400 320 320 ) (-400 320 176 ) (-448 320 176 ) 
4 147 (-344 320 272 ) (-328 320 272 ) (-328 320 176 ) (-344 320 176 ) 
4 147 (-344 320 272 ) (-344 320 320 ) (-328 320 320 ) (-328 320 272 ) 
4 147 (-328 8 192 ) (-328 24 192 ) (-328 24 312 ) (-328 8 312 ) 
4 147 (-328 8 312 ) (-328 280 312 ) (-328 280 320 ) (-328 8 320 ) 
4 147 (-328 8 176 ) (-328 280 176 ) (-328 280 192 ) (-328 8 192 ) 
4 147 (-328 280 176 ) (-328 320 176 ) (-328 320 320 ) (-328 280 320 ) 
4 147 (-448 8 320 ) (-328 8 320 ) (-328 320 320 ) (-448 320 320 ) 
4 147 (-448 320 320 ) (-448 320 176 ) (-448 8 176 ) (-448 8 320 ) 
4 148 (-448 2 176 ) (-448 8 176 ) (-384 8 176 ) (-384 2 176 ) 
4 148 (-384 2 176 ) (-384 8 176 ) (-384 8 256 ) (-384 2 256 ) 
4 148 (-448 8 256 ) (-448 8 176 ) (-448 2 176 ) (-448 2 256 ) 
4 148 (-384 2 256 ) (-384 8 256 ) (-448 8 256 ) (-448 2 256 ) 
4 148 (-384 2 176 ) (-384 2 256 ) (-448 2 256 ) (-448 2 176 ) 
4 149 (0 -640 432 ) (0 -648 432 ) (-320 -648 432 ) (-320 -640 432 ) 
4 149 (0 -320 432 ) (0 -328 432 ) (-320 -328 432 ) (-320 -320 432 ) 
4 149 (-320 0 432 ) (-320 -328 432 ) (-320 -328 440 ) (-320 0 440 ) 
4 149 (0 -648 640 ) (-320 -648 640 ) (-320 -648 432 ) (0 -648 432 ) 
4 149 (-320 -648 640 ) (0 -648 640 ) (0 0 640 ) (-320 0 640 ) 
4 150 (-320 0 440 ) (-320 -328 440 ) (-456 -328 440 ) (-456 0 440 ) 
4 150 (-320 -648 640 ) (-320 0 640 ) (-456 0 640 ) (-456 -648 640 ) 
4 150 (-456 0 640 ) (-456 0 440 ) (-456 -648 440 ) (-456 -648 640 ) 
4 150 (-320 -648 640 ) (-456 -648 640 ) (-456 -648 440 ) (-320 -648 440 ) 
4 151 (-320 -640 432 ) (-320 -648 432 ) (-448 -648 432 ) (-448 -640 432 ) 
4 151 (-448 -648 432 ) (-456 -648 432 ) (-456 -328 432 ) (-448 -328 432 ) 
4 151 (-456 -648 440 ) (-456 -648 432 ) (-320 -648 432 ) (-320 -648 440 ) 
4 151 (-456 -328 432 ) (-456 -648 432 ) (-456 -648 440 ) (-456 -328 440 ) 
4 151 (-456 -328 432 ) (-456 -328 440 ) (-320 -328 440 ) (-320 -328 432 ) 
4 152 (0 -200 328 ) (0 -320 328 ) (-192 -320 328 ) (-192 -200 328 ) 
4 152 (-192 0 328 ) (-64 0 328 ) (-64 -16 328 ) (-192 -16 328 ) 
4 152 (-64 0 328 ) (0 0 328 ) (0 -64 328 ) (-64 -64 328 ) 
4 152 (-320 0 328 ) (-192 0 328 ) (-192 -320 328 ) (-320 -320 328 ) 
4 152 (-320 -320 328 ) (-40 -320 328 ) (-40 -320 408 ) (-320 -320 408 ) 
4 152 (0 -320 408 ) (0 -320 432 ) (-320 -320 432 ) (-320 -320 408 ) 
4 152 (-320 0 328 ) (-320 -256 328 ) (-320 -256 408 ) (-320 0 408 ) 
4 152 (-320 -320 408 ) (-320 -320 432 ) (-320 0 432 ) (-320 0 408 ) 
4 153 (-320 -256 328 ) (-320 -320 328 ) (-328 -320 328 ) (-328 -256 328 ) 
4 153 (-328 -320 328 ) (-320 -320 328 ) (-320 -320 408 ) (-328 -320 408 ) 
4 153 (-320 -320 408 ) (-320 -256 408 ) (-328 -256 408 ) (-328 -320 408 ) 
4 153 (-328 -256 328 ) (-328 -256 408 ) (-320 -256 408 ) (-320 -256 328 ) 
4 154 (-392 0 328 ) (-328 0 328 ) (-328 -88 328 ) (-392 -88 328 ) 
4 154 (-392 0 328 ) (-392 -88 328 ) (-392 -88 432 ) (-392 0 432 ) 
4 154 (-328 0 408 ) (-328 -88 408 ) (-328 -88 328 ) (-328 0 328 ) 
4 154 (-328 -88 408 ) (-328 0 408 ) (-328 0 432 ) (-328 -88 432 ) 
4 154 (-392 -88 432 ) (-328 -88 432 ) (-328 0 432 ) (-392 0 432 ) 
4 154 (-392 -88 432 ) (-392 -88 328 ) (-328 -88 328 ) (-328 -88 432 ) 
4 155 (-448 0 328 ) (-400 0 328 ) (-400 -96 328 ) (-448 -96 328 ) 
4 155 (-400 0 432 ) (-400 -96 432 ) (-400 -96 328 ) (-400 0 328 ) 
4 155 (-448 0 328 ) (-448 -96 328 ) (-448 -96 432 ) (-448 0 432 ) 
4 155 (-448 -96 432 ) (-400 -96 432 ) (-400 0 432 ) (-448 0 432 ) 
4 156 (-328 -96 328 ) (-328 -320 328 ) (-448 -320 328 ) (-448 -96 328 ) 
4 156 (-448 -320 408 ) (-448 -320 328 ) (-328 -320 328 ) (-328 -320 408 ) 
4 156 (-448 -320 432 ) (-448 -320 408 ) (-328 -320 408 ) (-328 -320 432 ) 
4 156 (-392 -96 432 ) (-328 -96 432 ) (-328 -96 328 ) (-392 -96 328 ) 
4 156 (-400 -96 432 ) (-392 -96 432 ) (-392 -96 328 ) (-400 -96 328 ) 
4 156 (-448 -96 432 ) (-448 -320 432 ) (-328 -320 432 ) (-328 -96 432 ) 
4 156 (-448 -96 328 ) (-448 -320 328 ) (-448 -320 432 ) (-448 -96 432 ) 
4 156 (-328 -96 408 ) (-328 -96 432 ) (-328 -320 432 ) (-328 -320 408 ) 
4 156 (-328 -96 408 ) (-328 -256 408 ) (-328 -256 328 ) (-328 -96 328 ) 
4 157 (0 -320 328 ) (0 -328 328 ) (-40 -328 328 ) (-40 -320 328 ) 
4 157 (0 -320 408 ) (-40 -320 408 ) (-40 -328 408 ) (0 -328 408 ) 
4 157 (-40 -328 328 ) (-40 -328 408 ) (-40 -320 408 ) (-40 -320 328 ) 
4 158 (0 -328 328 ) (0 -640 328 ) (-192 -640 328 ) (-192 -328 328 ) 
4 158 (-192 -640 328 ) (-448 -640 328 ) (-448 -328 328 ) (-192 -328 328 ) 
4 158 (-448 -328 328 ) (-448 -640 328 ) (-448 -640 432 ) (-448 -328 432 ) 
4 158 (0 -328 432 ) (0 -328 408 ) (-448 -328 408 ) (-448 -328 432 ) 
4 158 (-40 -328 408 ) (-40 -328 328 ) (-448 -328 328 ) (-448 -328 408 ) 
4 158 (-448 -640 432 ) (-448 -640 328 ) (0 -640 328 ) (0 -640 432 ) 
4 159 (-64 -16 328 ) (-64 -64 328 ) (-64 -64 320 ) (-64 -16 320 ) 
4 159 (-192 -16 320 ) (-192 -64 320 ) (-192 -64 328 ) (-192 -16 328 ) 
4 159 (-64 -16 328 ) (-64 -16 320 ) (-192 -16 320 ) (-192 -16 328 ) 
4 160 (-192 -64 320 ) (-192 -200 320 ) (-192 -200 328 ) (-192 -64 328 ) 
4 160 (-64 -64 328 ) (0 -64 328 ) (0 -64 320 ) (-64 -64 320 ) 
4 160 (-192 -200 328 ) (-192 -200 320 ) (0 -200 320 ) (0 -200 328 ) 
4 161 (-64 -16 136 ) (-64 0 136 ) (-16 0 136 ) (-16 -16 136 ) 
4 161 (-64 -56 136 ) (-64 -16 136 ) (0 -16 136 ) (0 -56 136 ) 
4 161 (-64 -56 320 ) (-64 -56 136 ) (-56 -56 136 ) (-56 -56 320 ) 
4 161 (-64 -56 320 ) (0 -56 320 ) (0 0 320 ) (-64 0 320 ) 
4 162 (0 -64 136 ) (-56 -64 136 ) (-56 -56 136 ) (0 -56 136 ) 
4 162 (-56 -56 320 ) (-56 -64 320 ) (0 -64 320 ) (0 -56 320 ) 
4 162 (-56 -56 320 ) (-56 -56 136 ) (-56 -64 136 ) (-56 -64 320 ) 
4 163 (-16 -16 128 ) (0 -16 128 ) (0 -16 136 ) (-16 -16 136 ) 
4 163 (-16 0 128 ) (-16 -16 128 ) (-16 -16 136 ) (-16 0 136 ) 
4 164 (-56 0 16 ) (0 0 16 ) (0 -56 16 ) (-56 -56 16 ) 
4 164 (-56 -56 16 ) (0 -56 16 ) (0 -56 128 ) (-56 -56 128 ) 
4 164 (-56 -56 128 ) (0 -56 128 ) (0 -16 128 ) (-56 -16 128 ) 
4 164 (-56 -16 128 ) (-16 -16 128 ) (-16 0 128 ) (-56 0 128 ) 
4 164 (-56 0 16 ) (-56 -56 16 ) (-56 -56 128 ) (-56 0 128 ) 
4 165 (-256 -64 8 ) (-256 -64 64 ) (-256 0 64 ) (-256 0 8 ) 
4 165 (-64 0 8 ) (-64 0 16 ) (-64 -64 16 ) (-64 -64 8 ) 
4 165 (-64 -56 16 ) (-64 0 16 ) (-64 0 128 ) (-64 -56 128 ) 
4 165 (-64 -56 16 ) (-64 -56 128 ) (-64 -64 128 ) (-64 -64 16 ) 
4 165 (-64 -16 128 ) (-64 0 128 ) (-64 0 136 ) (-64 -16 136 ) 
4 165 (-64 -16 128 ) (-64 -16 136 ) (-64 -64 136 ) (-64 -64 128 ) 
4 165 (-64 -56 136 ) (-64 -56 320 ) (-64 -64 320 ) (-64 -64 136 ) 
4 165 (-256 -64 320 ) (-192 -64 320 ) (-192 0 320 ) (-256 0 320 ) 
4 165 (-192 -16 320 ) (-64 -16 320 ) (-64 0 320 ) (-192 0 320 ) 
4 165 (-256 -64 8 ) (-256 0 8 ) (-64 0 8 ) (-64 -64 8 ) 
4 166 (-320 0 312 ) (-320 0 192 ) (-320 -16 192 ) (-320 -16 312 ) 
4 166 (-320 -64 320 ) (-320 0 320 ) (-320 0 312 ) (-320 -64 312 ) 
4 166 (-320 0 192 ) (-320 0 64 ) (-320 -64 64 ) (-320 -64 192 ) 
4 166 (-320 -64 320 ) (-256 -64 320 ) (-256 0 320 ) (-320 0 320 ) 
4 166 (-256 0 64 ) (-256 -64 64 ) (-320 -64 64 ) (-320 0 64 ) 
4 167 (0 -320 256 ) (-40 -320 256 ) (-40 -319 256 ) (0 -319 256 ) 
4 167 (0 -320 256 ) (0 -320 320 ) (-144 -320 320 ) (-144 -320 256 ) 
4 167 (-144 -200 320 ) (-144 -320 320 ) (0 -320 320 ) (0 -200 320 ) 
4 167 (-56 -64 256 ) (-64 -64 256 ) (-64 -64 320 ) (-56 -64 320 ) 
4 168 (-40 -319 256 ) (-40 -319 176 ) (0 -319 176 ) (0 -319 256 ) 
4 169 (-40 -319 256 ) (-40 -320 256 ) (-40 -320 176 ) (-40 -319 176 ) 
4 169 (-56 -64 256 ) (-56 -64 176 ) (-64 -64 176 ) (-64 -64 256 ) 
4 169 (-40 -320 256 ) (-136 -320 256 ) (-136 -320 176 ) (-40 -320 176 ) 
4 170 (-128 -256 64 ) (-136 -256 64 ) (-136 -128 64 ) (-128 -128 64 ) 
4 170 (0 -256 64 ) (0 -320 64 ) (-136 -320 64 ) (-136 -256 64 ) 
4 170 (-136 -136 64 ) (-136 -240 64 ) (-136 -240 100 ) (-136 -136 100 ) 
4 170 (0 -319 176 ) (-40 -319 176 ) (-40 -320 176 ) (0 -320 176 ) 
4 170 (-136 -320 64 ) (0 -320 64 ) (0 -320 176 ) (-136 -320 176 ) 
4 170 (-56 -64 176 ) (-56 -64 136 ) (-64 -64 136 ) (-64 -64 176 ) 
4 170 (-64 -64 128 ) (-64 -64 136 ) (0 -64 136 ) (0 -64 128 ) 
4 170 (-64 -64 64 ) (-64 -64 128 ) (0 -64 128 ) (0 -64 64 ) 
4 171 (-144 -240 100 ) (-144 -136 100 ) (-136 -136 100 ) (-136 -240 100 ) 
4 171 (-136 -320 100 ) (-136 -320 256 ) (-144 -320 256 ) (-144 -320 100 ) 
4 172 (-136 -128 64 ) (-136 -136 64 ) (-144 -136 64 ) (-144 -128 64 ) 
4 172 (-136 -136 64 ) (-136 -136 100 ) (-144 -136 100 ) (-144 -136 64 ) 
4 173 (-136 -240 64 ) (-136 -256 64 ) (-144 -256 64 ) (-144 -240 64 ) 
4 173 (-136 -256 64 ) (-136 -320 64 ) (-144 -320 64 ) (-144 -256 64 ) 
4 173 (-144 -240 64 ) (-144 -240 100 ) (-136 -240 100 ) (-136 -240 64 ) 
4 173 (-144 -320 64 ) (-136 -320 64 ) (-136 -320 100 ) (-144 -320 100 ) 
4 174 (-144 -128 64 ) (-144 -256 64 ) (-192 -256 64 ) (-192 -128 64 ) 
4 174 (-144 -256 64 ) (-144 -320 64 ) (-192 -320 64 ) (-192 -256 64 ) 
4 174 (-192 -200 64 ) (-192 -216 64 ) (-192 -216 320 ) (-192 -200 320 ) 
4 174 (-144 -136 100 ) (-144 -240 100 ) (-144 -240 64 ) (-144 -136 64 ) 
4 174 (-144 -200 320 ) (-192 -200 320 ) (-192 -320 320 ) (-144 -320 320 ) 
4 174 (-192 -320 64 ) (-144 -320 64 ) (-144 -320 320 ) (-192 -320 320 ) 
4 175 (-192 -128 64 ) (-192 -200 64 ) (-208 -200 64 ) (-208 -128 64 ) 
4 175 (-208 -200 320 ) (-208 -200 64 ) (-192 -200 64 ) (-192 -200 320 ) 
4 175 (-208 -64 320 ) (-208 -200 320 ) (-192 -200 320 ) (-192 -64 320 ) 
4 176 (-192 -216 64 ) (-192 -256 64 ) (-208 -256 64 ) (-208 -216 64 ) 
4 176 (-192 -256 64 ) (-192 -320 64 ) (-208 -320 64 ) (-208 -256 64 ) 
4 176 (-208 -216 320 ) (-208 -320 320 ) (-192 -320 320 ) (-192 -216 320 ) 
4 176 (-208 -320 64 ) (-192 -320 64 ) (-192 -320 320 ) (-208 -320 320 ) 
4 176 (-192 -216 320 ) (-192 -216 64 ) (-208 -216 64 ) (-208 -216 320 ) 
4 177 (-320 -280 320 ) (-320 -64 320 ) (-320 -64 312 ) (-320 -280 312 ) 
4 177 (-320 -320 320 ) (-320 -280 320 ) (-320 -280 192 ) (-320 -320 192 ) 
4 177 (-320 -64 192 ) (-320 -64 64 ) (-320 -320 64 ) (-320 -320 192 ) 
4 177 (-208 -128 64 ) (-208 -256 64 ) (-256 -256 64 ) (-256 -128 64 ) 
4 177 (-320 -256 64 ) (-320 -64 64 ) (-256 -64 64 ) (-256 -256 64 ) 
4 177 (-320 -320 64 ) (-320 -256 64 ) (-208 -256 64 ) (-208 -320 64 ) 
4 177 (-208 -200 320 ) (-208 -216 320 ) (-208 -216 64 ) (-208 -200 64 ) 
4 177 (-208 -64 320 ) (-320 -64 320 ) (-320 -320 320 ) (-208 -320 320 ) 
4 177 (-320 -320 320 ) (-320 -320 64 ) (-208 -320 64 ) (-208 -320 320 ) 
4 178 (-256 -128 64 ) (-256 -128 8 ) (-128 -128 8 ) (-128 -128 64 ) 
4 178 (-256 -64 8 ) (-256 -128 8 ) (-256 -128 64 ) (-256 -64 64 ) 
4 178 (-256 -64 8 ) (0 -64 8 ) (0 -128 8 ) (-256 -128 8 ) 
4 178 (-64 -64 16 ) (-64 -64 64 ) (0 -64 64 ) (0 -64 16 ) 
4 178 (-64 -64 8 ) (-64 -64 16 ) (0 -64 16 ) (0 -64 8 ) 
4 179 (-128 -256 8 ) (0 -256 8 ) (0 -256 64 ) (-128 -256 64 ) 
4 179 (0 -128 8 ) (0 -256 8 ) (-128 -256 8 ) (-128 -128 8 ) 
4 179 (-128 -128 64 ) (-128 -128 8 ) (-128 -256 8 ) (-128 -256 64 ) 
4 180 (-320 -16 312 ) (-328 -16 312 ) (-328 -280 312 ) (-320 -280 312 ) 
4 180 (-328 -280 192 ) (-328 -16 192 ) (-320 -16 192 ) (-320 -280 192 ) 
4 180 (-328 -280 312 ) (-328 -280 192 ) (-320 -280 192 ) (-320 -280 312 ) 
4 180 (-328 -16 312 ) (-320 -16 312 ) (-320 -16 192 ) (-328 -16 192 ) 
4 181 (-384 -2 256 ) (-384 -8 256 ) (-384 -8 176 ) (-384 -2 176 ) 
4 181 (-448 -2 176 ) (-448 -8 176 ) (-448 -8 256 ) (-448 -2 256 ) 
4 181 (-384 -2 176 ) (-384 -8 176 ) (-448 -8 176 ) (-448 -2 176 ) 
4 181 (-384 -2 256 ) (-448 -2 256 ) (-448 -8 256 ) (-384 -8 256 ) 
4 181 (-448 -2 176 ) (-448 -2 256 ) (-384 -2 256 ) (-384 -2 176 ) 
4 182 (-448 -8 320 ) (-448 -8 176 ) (-448 -320 176 ) (-448 -320 320 ) 
4 182 (-384 -8 256 ) (-328 -8 256 ) (-328 -8 176 ) (-384 -8 176 ) 
4 182 (-448 -8 256 ) (-448 -8 320 ) (-328 -8 320 ) (-328 -8 256 ) 
4 182 (-328 -8 176 ) (-328 -320 176 ) (-448 -320 176 ) (-448 -8 176 ) 
4 182 (-328 -8 312 ) (-328 -16 312 ) (-328 -16 192 ) (-328 -8 192 ) 
4 182 (-328 -280 312 ) (-328 -8 312 ) (-328 -8 320 ) (-328 -280 320 ) 
4 182 (-328 -320 192 ) (-328 -280 192 ) (-328 -280 320 ) (-328 -320 320 ) 
4 182 (-328 -320 176 ) (-328 -8 176 ) (-328 -8 192 ) (-328 -320 192 ) 
4 182 (-448 -320 320 ) (-328 -320 320 ) (-328 -8 320 ) (-448 -8 320 ) 
4 182 (-448 -320 320 ) (-448 -320 176 ) (-328 -320 176 ) (-328 -320 320 ) 
